#
# There is insufficient memory for the Java Runtime Environment to continue.
# Native memory allocation (malloc) failed to allocate 2569776 bytes. Error detail: Chunk::new
# Possible reasons:
#   The system is out of physical RAM or swap space
#   This process is running with CompressedOops enabled, and the Java Heap may be blocking the growth of the native heap
# Possible solutions:
#   Reduce memory load on the system
#   Increase physical memory or swap space
#   Check if swap backing store is full
#   Decrease Java heap size (-Xmx/-Xms)
#   Decrease number of Java threads
#   Decrease Java thread stack sizes (-Xss)
#   Set larger code cache with -XX:ReservedCodeCacheSize=
#   JVM is running with Unscaled Compressed Oops mode in which the Java heap is
#     placed in the first 4GB address space. The Java Heap base address is the
#     maximum limit for the native heap growth. Please use -XX:HeapBaseMinAddress
#     to set the Java Heap base and to place the Java Heap above 4GB virtual address.
# This output file may be truncated or incomplete.
#
#  Out of Memory Error (arena.cpp:168), pid=8372, tid=3348
#
# JRE version: OpenJDK Runtime Environment Temurin-21.0.9+10 (21.0.9+10) (build 21.0.9+10-LTS)
# Java VM: OpenJDK 64-Bit Server VM Temurin-21.0.9+10 (21.0.9+10-LTS, mixed mode, sharing, tiered, compressed oops, compressed class ptrs, parallel gc, windows-amd64)
# No core dump will be written. Minidumps are not enabled by default on client versions of Windows
#

---------------  S U M M A R Y ------------

Command Line: --add-modules=ALL-SYSTEM --add-opens=java.base/java.util=ALL-UNNAMED --add-opens=java.base/java.lang=ALL-UNNAMED --add-opens=java.base/sun.nio.fs=ALL-UNNAMED -Declipse.application=org.eclipse.jdt.ls.core.id1 -Dosgi.bundles.defaultStartLevel=4 -Declipse.product=org.eclipse.jdt.ls.core.product -Djava.import.generatesMetadataFilesAtProjectRoot=false -DDetectVMInstallationsJob.disabled=true -Dfile.encoding=utf8 -XX:+UseParallelGC -XX:GCTimeRatio=4 -XX:AdaptiveSizePolicyWeight=90 -Dsun.zip.disableMemoryMapping=true -Xmx2G -Xms100m -Xlog:disable -javaagent:c:\Users\JUNEMO\.vscode\extensions\redhat.java-1.52.0-win32-x64\lombok\lombok-1.18.39-4050.jar -XX:+HeapDumpOnOutOfMemoryError -XX:HeapDumpPath=c:\Users\JUNEMO\AppData\Roaming\Code\User\workspaceStorage\5e6d0f41e8df5a95299d9502eb47a187\redhat.java -Daether.dependencyCollector.impl=bf c:\Users\JUNEMO\.vscode\extensions\redhat.java-1.52.0-win32-x64\server\plugins\org.eclipse.equinox.launcher_1.7.100.v20251111-0406.jar -configuration c:\Users\JUNEMO\AppData\Roaming\Code\User\globalStorage\redhat.java\1.52.0\config_win -data c:\Users\JUNEMO\AppData\Roaming\Code\User\workspaceStorage\5e6d0f41e8df5a95299d9502eb47a187\redhat.java\jdt_ws --pipe=\\.\pipe\lsp-cf4bcb862bb18757a1e424fc02cf6f3a-sock

Host: Intel(R) Core(TM) i5-8250U CPU @ 1.60GHz, 8 cores, 3G,  Windows 10 , 64 bit Build 19041 (10.0.19041.5915)
Time: Mon Feb 16 19:05:45 2026 elapsed time: 29.387661 seconds (0d 0h 0m 29s)

---------------  T H R E A D  ---------------

Current thread (0x000001b6593b3a90):  JavaThread "C2 CompilerThread0" daemon [_thread_in_native, id=3348, stack(0x00000091d6500000,0x00000091d6600000) (1024K)]


Current CompileTask:
C2:29389 11547       4       org.eclipse.jdt.internal.compiler.lookup.BinaryTypeBinding::createMethod (1666 bytes)

Stack: [0x00000091d6500000,0x00000091d6600000]
Native frames: (J=compiled Java code, j=interpreted, Vv=VM code, C=native code)
V  [jvm.dll+0x6d6e29]
V  [jvm.dll+0x8b4b76]
V  [jvm.dll+0x8b712e]
V  [jvm.dll+0x8b7813]
V  [jvm.dll+0x283d86]
V  [jvm.dll+0xc66ed]
V  [jvm.dll+0xc6c31]
V  [jvm.dll+0x3be501]
V  [jvm.dll+0x38ab92]
V  [jvm.dll+0x389fda]
V  [jvm.dll+0x24bfa0]
V  [jvm.dll+0x24b580]
V  [jvm.dll+0x1cb13e]
V  [jvm.dll+0x25b29d]
V  [jvm.dll+0x25982a]
V  [jvm.dll+0x3f7ea6]
V  [jvm.dll+0x85e9ad]
V  [jvm.dll+0x6d565d]
C  [ucrtbase.dll+0x21bb2]
C  [KERNEL32.DLL+0x17374]
C  [ntdll.dll+0x4cc91]


---------------  P R O C E S S  ---------------

Threads class SMR info:
_java_thread_list=0x000001b6a3993de0, length=61, elements={
0x000001b64292f2b0, 0x000001b6593a06a0, 0x000001b6593a3810, 0x000001b6593a5ec0,
0x000001b6593a8f60, 0x000001b6593ab510, 0x000001b6593ac9f0, 0x000001b6593b3a90,
0x000001b6593b4fc0, 0x000001b6a0229710, 0x000001b6a0245900, 0x000001b6a078e4a0,
0x000001b6a0738df0, 0x000001b6a02e0530, 0x000001b6a053eee0, 0x000001b6a0c38ad0,
0x000001b6a0c5d970, 0x000001b6a0aca290, 0x000001b6a0ac7b30, 0x000001b6a0aca920,
0x000001b6a0ac9c00, 0x000001b6a0ac74a0, 0x000001b6a0ac81c0, 0x000001b6a0ac9570,
0x000001b6a2eba740, 0x000001b6a2ebbaf0, 0x000001b6a2ebef70, 0x000001b6a2eb8670,
0x000001b6a2ebc180, 0x000001b6a2ebcea0, 0x000001b6a2ebe8e0, 0x000001b6a2ebdbc0,
0x000001b6a2eb8d00, 0x000001b6a2ebc810, 0x000001b6a2ebf600, 0x000001b6a2ebfc90,
0x000001b6a2ebe250, 0x000001b6a2eb9390, 0x000001b6a2ebd530, 0x000001b6a2eba0b0,
0x000001b6a2ebadd0, 0x000001b6a2ebb460, 0x000001b6a1688380, 0x000001b6a168aae0,
0x000001b6a168b170, 0x000001b6a1689730, 0x000001b6a168d8d0, 0x000001b6a168d240,
0x000001b6a168df60, 0x000001b6a1686fd0, 0x000001b6a1688a10, 0x000001b6a16890a0,
0x000001b6a1689dc0, 0x000001b6a168c520, 0x000001b6a168a450, 0x000001b6a168cbb0,
0x000001b6a168e5f0, 0x000001b6a1687660, 0x000001b6a1687cf0, 0x000001b6a168be90,
0x000001b6a25da320
}

Java Threads: ( => current thread )
  0x000001b64292f2b0 JavaThread "main"                              [_thread_blocked, id=272, stack(0x00000091d5b00000,0x00000091d5c00000) (1024K)]
  0x000001b6593a06a0 JavaThread "Reference Handler"          daemon [_thread_blocked, id=16264, stack(0x00000091d5f00000,0x00000091d6000000) (1024K)]
  0x000001b6593a3810 JavaThread "Finalizer"                  daemon [_thread_blocked, id=18356, stack(0x00000091d6000000,0x00000091d6100000) (1024K)]
  0x000001b6593a5ec0 JavaThread "Signal Dispatcher"          daemon [_thread_blocked, id=2248, stack(0x00000091d6100000,0x00000091d6200000) (1024K)]
  0x000001b6593a8f60 JavaThread "Attach Listener"            daemon [_thread_blocked, id=3400, stack(0x00000091d6200000,0x00000091d6300000) (1024K)]
  0x000001b6593ab510 JavaThread "Service Thread"             daemon [_thread_blocked, id=18220, stack(0x00000091d6300000,0x00000091d6400000) (1024K)]
  0x000001b6593ac9f0 JavaThread "Monitor Deflation Thread"   daemon [_thread_blocked, id=1616, stack(0x00000091d6400000,0x00000091d6500000) (1024K)]
=>0x000001b6593b3a90 JavaThread "C2 CompilerThread0"         daemon [_thread_in_native, id=3348, stack(0x00000091d6500000,0x00000091d6600000) (1024K)]
  0x000001b6593b4fc0 JavaThread "C1 CompilerThread0"         daemon [_thread_in_native, id=10124, stack(0x00000091d6600000,0x00000091d6700000) (1024K)]
  0x000001b6a0229710 JavaThread "Common-Cleaner"             daemon [_thread_blocked, id=1772, stack(0x00000091d6700000,0x00000091d6800000) (1024K)]
  0x000001b6a0245900 JavaThread "Notification Thread"        daemon [_thread_blocked, id=15328, stack(0x00000091d6800000,0x00000091d6900000) (1024K)]
  0x000001b6a078e4a0 JavaThread "Active Thread: Equinox Container: 7c0d9871-0810-46c4-9fca-b29d7e1dfdf6"        [_thread_blocked, id=17084, stack(0x00000091d6f00000,0x00000091d7000000) (1024K)]
  0x000001b6a0738df0 JavaThread "Refresh Thread: Equinox Container: 7c0d9871-0810-46c4-9fca-b29d7e1dfdf6" daemon [_thread_blocked, id=4076, stack(0x00000091d7100000,0x00000091d7200000) (1024K)]
  0x000001b6a02e0530 JavaThread "Framework Event Dispatcher: Equinox Container: 7c0d9871-0810-46c4-9fca-b29d7e1dfdf6" daemon [_thread_blocked, id=11100, stack(0x00000091d7200000,0x00000091d7300000) (1024K)]
  0x000001b6a053eee0 JavaThread "Start Level: Equinox Container: 7c0d9871-0810-46c4-9fca-b29d7e1dfdf6" daemon [_thread_blocked, id=8300, stack(0x00000091d7300000,0x00000091d7400000) (1024K)]
  0x000001b6a0c38ad0 JavaThread "Bundle File Closer"         daemon [_thread_blocked, id=17732, stack(0x00000091d7400000,0x00000091d7500000) (1024K)]
  0x000001b6a0c5d970 JavaThread "SCR Component Actor"        daemon [_thread_blocked, id=12788, stack(0x00000091d7500000,0x00000091d7600000) (1024K)]
  0x000001b6a0aca290 JavaThread "Worker-JM"                         [_thread_blocked, id=3068, stack(0x00000091d7600000,0x00000091d7700000) (1024K)]
  0x000001b6a0ac7b30 JavaThread "JNA Cleaner"                daemon [_thread_blocked, id=8952, stack(0x00000091d7700000,0x00000091d7800000) (1024K)]
  0x000001b6a0aca920 JavaThread "Worker-0"                          [_thread_blocked, id=10036, stack(0x00000091d7800000,0x00000091d7900000) (1024K)]
  0x000001b6a0ac9c00 JavaThread "Worker-1"                          [_thread_blocked, id=16196, stack(0x00000091d7900000,0x00000091d7a00000) (1024K)]
  0x000001b6a0ac74a0 JavaThread "Worker-2"                          [_thread_blocked, id=14156, stack(0x00000091d7a00000,0x00000091d7b00000) (1024K)]
  0x000001b6a0ac81c0 JavaThread "Worker-3"                          [_thread_blocked, id=11548, stack(0x00000091d7b00000,0x00000091d7c00000) (1024K)]
  0x000001b6a0ac9570 JavaThread "Java indexing"              daemon [_thread_blocked, id=17684, stack(0x00000091d7c00000,0x00000091d7d00000) (1024K)]
  0x000001b6a2eba740 JavaThread "Worker-4: Initialize After Load"        [_thread_in_native, id=17396, stack(0x00000091d7d00000,0x00000091d7e00000) (1024K)]
  0x000001b6a2ebbaf0 JavaThread "Worker-5"                          [_thread_blocked, id=14260, stack(0x00000091d8000000,0x00000091d8100000) (1024K)]
  0x000001b6a2ebef70 JavaThread "Worker-6"                          [_thread_blocked, id=5488, stack(0x00000091d8100000,0x00000091d8200000) (1024K)]
  0x000001b6a2eb8670 JavaThread "Worker-7"                          [_thread_blocked, id=4464, stack(0x00000091d8200000,0x00000091d8300000) (1024K)]
  0x000001b6a2ebc180 JavaThread "Thread-1"                   daemon [_thread_in_native, id=15624, stack(0x00000091d8300000,0x00000091d8400000) (1024K)]
  0x000001b6a2ebcea0 JavaThread "Thread-2"                   daemon [_thread_in_native, id=14128, stack(0x00000091d8400000,0x00000091d8500000) (1024K)]
  0x000001b6a2ebe8e0 JavaThread "Thread-3"                   daemon [_thread_in_native, id=3796, stack(0x00000091d8500000,0x00000091d8600000) (1024K)]
  0x000001b6a2ebdbc0 JavaThread "Thread-4"                   daemon [_thread_in_native, id=3328, stack(0x00000091d8600000,0x00000091d8700000) (1024K)]
  0x000001b6a2eb8d00 JavaThread "Thread-5"                   daemon [_thread_in_native, id=640, stack(0x00000091d8700000,0x00000091d8800000) (1024K)]
  0x000001b6a2ebc810 JavaThread "Thread-6"                   daemon [_thread_in_native, id=12992, stack(0x00000091d8800000,0x00000091d8900000) (1024K)]
  0x000001b6a2ebf600 JavaThread "Thread-7"                   daemon [_thread_in_native, id=16948, stack(0x00000091d8900000,0x00000091d8a00000) (1024K)]
  0x000001b6a2ebfc90 JavaThread "Thread-8"                   daemon [_thread_in_native, id=8324, stack(0x00000091d8a00000,0x00000091d8b00000) (1024K)]
  0x000001b6a2ebe250 JavaThread "Thread-9"                   daemon [_thread_in_native, id=15860, stack(0x00000091d8b00000,0x00000091d8c00000) (1024K)]
  0x000001b6a2eb9390 JavaThread "pool-2-thread-1"                   [_thread_blocked, id=7772, stack(0x00000091d8c00000,0x00000091d8d00000) (1024K)]
  0x000001b6a2ebd530 JavaThread "WorkspaceEventsHandler"            [_thread_blocked, id=6424, stack(0x00000091d8d00000,0x00000091d8e00000) (1024K)]
  0x000001b6a2eba0b0 JavaThread "pool-1-thread-1"                   [_thread_blocked, id=9600, stack(0x00000091d8e00000,0x00000091d8f00000) (1024K)]
  0x000001b6a2ebadd0 JavaThread "LocalFile Deleter"          daemon [_thread_blocked, id=12204, stack(0x00000091d8f00000,0x00000091d9000000) (1024K)]
  0x000001b6a2ebb460 JavaThread "LocalFile Deleter"          daemon [_thread_blocked, id=4012, stack(0x00000091d9000000,0x00000091d9100000) (1024K)]
  0x000001b6a1688380 JavaThread "LocalFile Deleter"          daemon [_thread_blocked, id=6440, stack(0x00000091d9100000,0x00000091d9200000) (1024K)]
  0x000001b6a168aae0 JavaThread "LocalFile Deleter"          daemon [_thread_blocked, id=15884, stack(0x00000091d9200000,0x00000091d9300000) (1024K)]
  0x000001b6a168b170 JavaThread "LocalFile Deleter"          daemon [_thread_blocked, id=6328, stack(0x00000091d9300000,0x00000091d9400000) (1024K)]
  0x000001b6a1689730 JavaThread "LocalFile Deleter"          daemon [_thread_blocked, id=11824, stack(0x00000091d9400000,0x00000091d9500000) (1024K)]
  0x000001b6a168d8d0 JavaThread "LocalFile Deleter"          daemon [_thread_blocked, id=18628, stack(0x00000091d9500000,0x00000091d9600000) (1024K)]
  0x000001b6a168d240 JavaThread "LocalFile Deleter"          daemon [_thread_blocked, id=13600, stack(0x00000091d9600000,0x00000091d9700000) (1024K)]
  0x000001b6a168df60 JavaThread "Compiler Source File Reader" daemon [_thread_blocked, id=7864, stack(0x00000091d9700000,0x00000091d9800000) (1024K)]
  0x000001b6a1686fd0 JavaThread "Compiler Source File Reader" daemon [_thread_blocked, id=8636, stack(0x00000091d9800000,0x00000091d9900000) (1024K)]
  0x000001b6a1688a10 JavaThread "Compiler Source File Reader" daemon [_thread_blocked, id=5772, stack(0x00000091d9900000,0x00000091d9a00000) (1024K)]
  0x000001b6a16890a0 JavaThread "Compiler Source File Reader" daemon [_thread_blocked, id=14640, stack(0x00000091d9a00000,0x00000091d9b00000) (1024K)]
  0x000001b6a1689dc0 JavaThread "Compiler Source File Reader" daemon [_thread_blocked, id=12848, stack(0x00000091d9b00000,0x00000091d9c00000) (1024K)]
  0x000001b6a168c520 JavaThread "Compiler Source File Reader" daemon [_thread_blocked, id=16516, stack(0x00000091d9c00000,0x00000091d9d00000) (1024K)]
  0x000001b6a168a450 JavaThread "Compiler Processing Task"   daemon [_thread_blocked, id=16016, stack(0x00000091d9d00000,0x00000091d9e00000) (1024K)]
  0x000001b6a168cbb0 JavaThread "Compiler Class File Writer" daemon [_thread_blocked, id=12588, stack(0x00000091d9e00000,0x00000091d9f00000) (1024K)]
  0x000001b6a168e5f0 JavaThread "Compiler Class File Writer" daemon [_thread_blocked, id=9768, stack(0x00000091d9f00000,0x00000091da000000) (1024K)]
  0x000001b6a1687660 JavaThread "Compiler Class File Writer" daemon [_thread_blocked, id=14644, stack(0x00000091da000000,0x00000091da100000) (1024K)]
  0x000001b6a1687cf0 JavaThread "Compiler Class File Writer" daemon [_thread_blocked, id=13772, stack(0x00000091da100000,0x00000091da200000) (1024K)]
  0x000001b6a168be90 JavaThread "Compiler Class File Writer" daemon [_thread_blocked, id=6540, stack(0x00000091da200000,0x00000091da300000) (1024K)]
  0x000001b6a25da320 JavaThread "Compiler Class File Writer" daemon [_thread_blocked, id=12968, stack(0x00000091da300000,0x00000091da400000) (1024K)]
Total: 61

Other Threads:
  0x000001b659382510 VMThread "VM Thread"                           [id=1392, stack(0x00000091d5e00000,0x00000091d5f00000) (1024K)]
  0x000001b64299b530 WatcherThread "VM Periodic Task Thread"        [id=8280, stack(0x00000091d5d00000,0x00000091d5e00000) (1024K)]
  0x000001b64294cc00 WorkerThread "GC Thread#0"                     [id=14112, stack(0x00000091d5c00000,0x00000091d5d00000) (1024K)]
  0x000001b6a08ae9b0 WorkerThread "GC Thread#1"                     [id=14172, stack(0x00000091d6900000,0x00000091d6a00000) (1024K)]
  0x000001b6a05eaa30 WorkerThread "GC Thread#2"                     [id=13060, stack(0x00000091d6a00000,0x00000091d6b00000) (1024K)]
  0x000001b6a05eadd0 WorkerThread "GC Thread#3"                     [id=3904, stack(0x00000091d6b00000,0x00000091d6c00000) (1024K)]
  0x000001b6a05eb170 WorkerThread "GC Thread#4"                     [id=2844, stack(0x00000091d6c00000,0x00000091d6d00000) (1024K)]
  0x000001b6a05eb510 WorkerThread "GC Thread#5"                     [id=9120, stack(0x00000091d6d00000,0x00000091d6e00000) (1024K)]
  0x000001b6a05eb8b0 WorkerThread "GC Thread#6"                     [id=13588, stack(0x00000091d6e00000,0x00000091d6f00000) (1024K)]
  0x000001b6a06a72b0 WorkerThread "GC Thread#7"                     [id=11296, stack(0x00000091d7000000,0x00000091d7100000) (1024K)]
Total: 10

Threads with active compile tasks:
C2 CompilerThread0  29531 11547       4       org.eclipse.jdt.internal.compiler.lookup.BinaryTypeBinding::createMethod (1666 bytes)
Total: 1

VM state: not at safepoint (normal execution)

VM Mutex/Monitor currently owned by a thread: None

Heap address: 0x0000000080000000, size: 2048 MB, Compressed Oops mode: 32-bit

CDS archive(s) mapped at: [0x000001b65a000000-0x000001b65aba0000-0x000001b65aba0000), size 12189696, SharedBaseAddress: 0x000001b65a000000, ArchiveRelocationMode: 1.
Compressed class space mapped at: 0x000001b65b000000-0x000001b69b000000, reserved size: 1073741824
Narrow klass base: 0x000001b65a000000, Narrow klass shift: 0, Narrow klass range: 0x100000000

GC Precious Log:
 CardTable entry size: 512
 CPUs: 8 total, 8 available
 Memory: 3962M
 Large Page Support: Disabled
 NUMA Support: Disabled
 Compressed Oops: Enabled (32-bit)
 Alignments: Space 512K, Generation 512K, Heap 2M
 Heap Min Capacity: 100M
 Heap Initial Capacity: 100M
 Heap Max Capacity: 2G
 Pre-touch: Disabled
 Parallel Workers: 8

Heap:
 PSYoungGen      total 12288K, used 1593K [0x00000000d5580000, 0x00000000d6300000, 0x0000000100000000)
  eden space 10752K, 4% used [0x00000000d5580000,0x00000000d55fe578,0x00000000d6000000)
  from space 1536K, 70% used [0x00000000d6080000,0x00000000d6190000,0x00000000d6200000)
  to   space 1024K, 0% used [0x00000000d6200000,0x00000000d6200000,0x00000000d6300000)
 ParOldGen       total 77312K, used 77092K [0x0000000080000000, 0x0000000084b80000, 0x00000000d5580000)
  object space 77312K, 99% used [0x0000000080000000,0x0000000084b49110,0x0000000084b80000)
 Metaspace       used 59503K, committed 60928K, reserved 1114112K
  class space    used 6117K, committed 6720K, reserved 1048576K

Card table byte_map: [0x000001b6422f0000,0x000001b642700000] _byte_map_base: 0x000001b641ef0000

Marking Bits: (ParMarkBitMap*) 0x00007ffff8f12460
 Begin Bits: [0x000001b654de0000, 0x000001b656de0000)
 End Bits:   [0x000001b656de0000, 0x000001b658de0000)

Polling page: 0x000001b640930000

Metaspace:

Usage:
  Non-class:     52.14 MB used.
      Class:      5.97 MB used.
       Both:     58.11 MB used.

Virtual space:
  Non-class space:       64.00 MB reserved,      52.94 MB ( 83%) committed,  1 nodes.
      Class space:        1.00 GB reserved,       6.56 MB ( <1%) committed,  1 nodes.
             Both:        1.06 GB reserved,      59.50 MB (  5%) committed. 

Chunk freelists:
   Non-Class:  10.55 MB
       Class:  9.39 MB
        Both:  19.94 MB

MaxMetaspaceSize: unlimited
CompressedClassSpaceSize: 1.00 GB
Initial GC threshold: 21.00 MB
Current GC threshold: 97.31 MB
CDS: on
 - commit_granule_bytes: 65536.
 - commit_granule_words: 8192.
 - virtual_space_node_default_size: 8388608.
 - enlarge_chunks_in_place: 1.
 - use_allocation_guard: 0.


Internal statistics:

num_allocs_failed_limit: 11.
num_arena_births: 1070.
num_arena_deaths: 26.
num_vsnodes_births: 2.
num_vsnodes_deaths: 0.
num_space_committed: 952.
num_space_uncommitted: 0.
num_chunks_returned_to_freelist: 40.
num_chunks_taken_from_freelist: 3873.
num_chunk_merges: 15.
num_chunk_splits: 2361.
num_chunks_enlarged: 1336.
num_inconsistent_stats: 0.

CodeHeap 'non-profiled nmethods': size=120000Kb used=3868Kb max_used=3868Kb free=116131Kb
 bounds [0x000001b64d600000, 0x000001b64d9d0000, 0x000001b654b30000]
CodeHeap 'profiled nmethods': size=120000Kb used=26185Kb max_used=26185Kb free=93814Kb
 bounds [0x000001b645b30000, 0x000001b6474d0000, 0x000001b64d060000]
CodeHeap 'non-nmethods': size=5760Kb used=1410Kb max_used=1478Kb free=4350Kb
 bounds [0x000001b64d060000, 0x000001b64d2d0000, 0x000001b64d600000]
CodeCache: size=245760Kb, used=31463Kb, max_used=31531Kb, free=214295Kb
 total_blobs=11822, nmethods=11104, adapters=622, full_count=0
Compilation: enabled, stopped_count=0, restarted_count=0

Compilation events (20 events):
Event: 29.296 Thread 0x000001b6593b4fc0 11916       2       org.eclipse.jdt.internal.core.ClasspathEntry::fullExclusionPatternChars (81 bytes)
Event: 29.297 Thread 0x000001b6593b4fc0 nmethod 11916 0x000001b6474bb110 code [0x000001b6474bb320, 0x000001b6474bb838]
Event: 29.297 Thread 0x000001b6593b4fc0 11918       2       org.eclipse.jdt.internal.core.JavaProject::createPackageFragementKey (13 bytes)
Event: 29.298 Thread 0x000001b6593b4fc0 nmethod 11918 0x000001b6474bbb90 code [0x000001b6474bbd20, 0x000001b6474bbe08]
Event: 29.298 Thread 0x000001b6593b4fc0 11919       2       org.eclipse.jdt.internal.core.JavaModel::isFile (13 bytes)
Event: 29.298 Thread 0x000001b6593b4fc0 nmethod 11919 0x000001b6474bbe90 code [0x000001b6474bc040, 0x000001b6474bc1e0]
Event: 29.298 Thread 0x000001b6593b4fc0 11920       2       org.eclipse.jdt.internal.core.JavaModel::isJmod (21 bytes)
Event: 29.299 Thread 0x000001b6593b4fc0 nmethod 11920 0x000001b6474bc310 code [0x000001b6474bc4e0, 0x000001b6474bc6b8]
Event: 29.299 Thread 0x000001b6593b4fc0 11915       2       org.eclipse.jdt.internal.core.ClasspathEntry::fullInclusionPatternChars (81 bytes)
Event: 29.300 Thread 0x000001b6593b4fc0 nmethod 11915 0x000001b6474bc810 code [0x000001b6474bca20, 0x000001b6474bcf38]
Event: 29.300 Thread 0x000001b6593b4fc0 11921       2       org.eclipse.jdt.internal.core.DeltaProcessor$RootInfo::<init> (56 bytes)
Event: 29.300 Thread 0x000001b6593b4fc0 nmethod 11921 0x000001b6474bd290 code [0x000001b6474bd440, 0x000001b6474bd678]
Event: 29.300 Thread 0x000001b6593b4fc0 11922       2       org.eclipse.jdt.internal.core.DeltaProcessor$RootInfo::getPackageFragmentRoot (76 bytes)
Event: 29.301 Thread 0x000001b6593b4fc0 nmethod 11922 0x000001b6474bd810 code [0x000001b6474bda20, 0x000001b6474bdde8]
Event: 29.301 Thread 0x000001b6593b4fc0 11925   !   2       org.eclipse.jdt.internal.core.util.Util::getSourceAttachmentProperty (90 bytes)
Event: 29.304 Thread 0x000001b6593b4fc0 nmethod 11925 0x000001b6474be090 code [0x000001b6474be3c0, 0x000001b6474bee08]
Event: 29.304 Thread 0x000001b6593b4fc0 11923       2       org.eclipse.jdt.internal.core.JavaProject::getPackageFragmentRoot0 (110 bytes)
Event: 29.306 Thread 0x000001b6593b4fc0 nmethod 11923 0x000001b6474bf910 code [0x000001b6474bfbe0, 0x000001b6474c0528]
Event: 29.306 Thread 0x000001b6593b4fc0 11924       2       org.eclipse.jdt.internal.core.JavaModelManager::isJrt (10 bytes)
Event: 29.307 Thread 0x000001b6593b4fc0 nmethod 11924 0x000001b6474c0b10 code [0x000001b6474c0cc0, 0x000001b6474c0e88]

GC Heap History (20 events):
Event: 26.735 GC heap before
{Heap before GC invocations=50 (full 2):
 PSYoungGen      total 13824K, used 13356K [0x00000000d5580000, 0x00000000d6600000, 0x0000000100000000)
  eden space 11776K, 100% used [0x00000000d5580000,0x00000000d6100000,0x00000000d6100000)
  from space 2048K, 77% used [0x00000000d6100000,0x00000000d628b220,0x00000000d6300000)
  to   space 2560K, 0% used [0x00000000d6380000,0x00000000d6380000,0x00000000d6600000)
 ParOldGen       total 68608K, used 66490K [0x0000000080000000, 0x0000000084300000, 0x00000000d5580000)
  object space 68608K, 96% used [0x0000000080000000,0x00000000840ee890,0x0000000084300000)
 Metaspace       used 58069K, committed 59392K, reserved 1114112K
  class space    used 6062K, committed 6656K, reserved 1048576K
}
Event: 26.741 GC heap after
{Heap after GC invocations=50 (full 2):
 PSYoungGen      total 13824K, used 1600K [0x00000000d5580000, 0x00000000d6580000, 0x0000000100000000)
  eden space 11776K, 0% used [0x00000000d5580000,0x00000000d5580000,0x00000000d6100000)
  from space 2048K, 78% used [0x00000000d6380000,0x00000000d6510010,0x00000000d6580000)
  to   space 2048K, 0% used [0x00000000d6100000,0x00000000d6100000,0x00000000d6300000)
 ParOldGen       total 68608K, used 67926K [0x0000000080000000, 0x0000000084300000, 0x00000000d5580000)
  object space 68608K, 99% used [0x0000000080000000,0x00000000842559f8,0x0000000084300000)
 Metaspace       used 58069K, committed 59392K, reserved 1114112K
  class space    used 6062K, committed 6656K, reserved 1048576K
}
Event: 26.985 GC heap before
{Heap before GC invocations=51 (full 2):
 PSYoungGen      total 13824K, used 13376K [0x00000000d5580000, 0x00000000d6580000, 0x0000000100000000)
  eden space 11776K, 100% used [0x00000000d5580000,0x00000000d6100000,0x00000000d6100000)
  from space 2048K, 78% used [0x00000000d6380000,0x00000000d6510010,0x00000000d6580000)
  to   space 2048K, 0% used [0x00000000d6100000,0x00000000d6100000,0x00000000d6300000)
 ParOldGen       total 68608K, used 67926K [0x0000000080000000, 0x0000000084300000, 0x00000000d5580000)
  object space 68608K, 99% used [0x0000000080000000,0x00000000842559f8,0x0000000084300000)
 Metaspace       used 58190K, committed 59520K, reserved 1114112K
  class space    used 6062K, committed 6656K, reserved 1048576K
}
Event: 26.991 GC heap after
{Heap after GC invocations=51 (full 2):
 PSYoungGen      total 13824K, used 1628K [0x00000000d5580000, 0x00000000d6500000, 0x0000000100000000)
  eden space 11776K, 0% used [0x00000000d5580000,0x00000000d5580000,0x00000000d6100000)
  from space 2048K, 79% used [0x00000000d6100000,0x00000000d6297140,0x00000000d6300000)
  to   space 2048K, 0% used [0x00000000d6300000,0x00000000d6300000,0x00000000d6500000)
 ParOldGen       total 69632K, used 69429K [0x0000000080000000, 0x0000000084400000, 0x00000000d5580000)
  object space 69632K, 99% used [0x0000000080000000,0x00000000843cd770,0x0000000084400000)
 Metaspace       used 58190K, committed 59520K, reserved 1114112K
  class space    used 6062K, committed 6656K, reserved 1048576K
}
Event: 27.317 GC heap before
{Heap before GC invocations=52 (full 2):
 PSYoungGen      total 13824K, used 13404K [0x00000000d5580000, 0x00000000d6500000, 0x0000000100000000)
  eden space 11776K, 100% used [0x00000000d5580000,0x00000000d6100000,0x00000000d6100000)
  from space 2048K, 79% used [0x00000000d6100000,0x00000000d6297140,0x00000000d6300000)
  to   space 2048K, 0% used [0x00000000d6300000,0x00000000d6300000,0x00000000d6500000)
 ParOldGen       total 69632K, used 69429K [0x0000000080000000, 0x0000000084400000, 0x00000000d5580000)
  object space 69632K, 99% used [0x0000000080000000,0x00000000843cd770,0x0000000084400000)
 Metaspace       used 58335K, committed 59712K, reserved 1114112K
  class space    used 6063K, committed 6656K, reserved 1048576K
}
Event: 27.324 GC heap after
{Heap after GC invocations=52 (full 2):
 PSYoungGen      total 13824K, used 1504K [0x00000000d5580000, 0x00000000d6500000, 0x0000000100000000)
  eden space 11776K, 0% used [0x00000000d5580000,0x00000000d5580000,0x00000000d6100000)
  from space 2048K, 73% used [0x00000000d6300000,0x00000000d6478000,0x00000000d6500000)
  to   space 2048K, 0% used [0x00000000d6100000,0x00000000d6100000,0x00000000d6300000)
 ParOldGen       total 71168K, used 70931K [0x0000000080000000, 0x0000000084580000, 0x00000000d5580000)
  object space 71168K, 99% used [0x0000000080000000,0x0000000084544e28,0x0000000084580000)
 Metaspace       used 58335K, committed 59712K, reserved 1114112K
  class space    used 6063K, committed 6656K, reserved 1048576K
}
Event: 27.443 GC heap before
{Heap before GC invocations=53 (full 2):
 PSYoungGen      total 13824K, used 6346K [0x00000000d5580000, 0x00000000d6500000, 0x0000000100000000)
  eden space 11776K, 41% used [0x00000000d5580000,0x00000000d5a3abd8,0x00000000d6100000)
  from space 2048K, 73% used [0x00000000d6300000,0x00000000d6478000,0x00000000d6500000)
  to   space 2048K, 0% used [0x00000000d6100000,0x00000000d6100000,0x00000000d6300000)
 ParOldGen       total 71168K, used 70931K [0x0000000080000000, 0x0000000084580000, 0x00000000d5580000)
  object space 71168K, 99% used [0x0000000080000000,0x0000000084544e28,0x0000000084580000)
 Metaspace       used 58420K, committed 59776K, reserved 1114112K
  class space    used 6063K, committed 6656K, reserved 1048576K
}
Event: 27.448 GC heap after
{Heap after GC invocations=53 (full 2):
 PSYoungGen      total 12800K, used 832K [0x00000000d5580000, 0x00000000d6400000, 0x0000000100000000)
  eden space 11776K, 0% used [0x00000000d5580000,0x00000000d5580000,0x00000000d6100000)
  from space 1024K, 81% used [0x00000000d6100000,0x00000000d61d0000,0x00000000d6200000)
  to   space 1536K, 0% used [0x00000000d6280000,0x00000000d6280000,0x00000000d6400000)
 ParOldGen       total 72704K, used 72328K [0x0000000080000000, 0x0000000084700000, 0x00000000d5580000)
  object space 72704K, 99% used [0x0000000080000000,0x00000000846a20c8,0x0000000084700000)
 Metaspace       used 58420K, committed 59776K, reserved 1114112K
  class space    used 6063K, committed 6656K, reserved 1048576K
}
Event: 27.448 GC heap before
{Heap before GC invocations=54 (full 3):
 PSYoungGen      total 12800K, used 832K [0x00000000d5580000, 0x00000000d6400000, 0x0000000100000000)
  eden space 11776K, 0% used [0x00000000d5580000,0x00000000d5580000,0x00000000d6100000)
  from space 1024K, 81% used [0x00000000d6100000,0x00000000d61d0000,0x00000000d6200000)
  to   space 1536K, 0% used [0x00000000d6280000,0x00000000d6280000,0x00000000d6400000)
 ParOldGen       total 72704K, used 72328K [0x0000000080000000, 0x0000000084700000, 0x00000000d5580000)
  object space 72704K, 99% used [0x0000000080000000,0x00000000846a20c8,0x0000000084700000)
 Metaspace       used 58420K, committed 59776K, reserved 1114112K
  class space    used 6063K, committed 6656K, reserved 1048576K
}
Event: 27.658 GC heap after
{Heap after GC invocations=54 (full 3):
 PSYoungGen      total 12800K, used 0K [0x00000000d5580000, 0x00000000d6400000, 0x0000000100000000)
  eden space 11776K, 0% used [0x00000000d5580000,0x00000000d5580000,0x00000000d6100000)
  from space 1024K, 0% used [0x00000000d6100000,0x00000000d6100000,0x00000000d6200000)
  to   space 1536K, 0% used [0x00000000d6280000,0x00000000d6280000,0x00000000d6400000)
 ParOldGen       total 72704K, used 63997K [0x0000000080000000, 0x0000000084700000, 0x00000000d5580000)
  object space 72704K, 88% used [0x0000000080000000,0x0000000083e7f7d0,0x0000000084700000)
 Metaspace       used 58420K, committed 59776K, reserved 1114112K
  class space    used 6063K, committed 6656K, reserved 1048576K
}
Event: 27.951 GC heap before
{Heap before GC invocations=55 (full 3):
 PSYoungGen      total 12800K, used 11776K [0x00000000d5580000, 0x00000000d6400000, 0x0000000100000000)
  eden space 11776K, 100% used [0x00000000d5580000,0x00000000d6100000,0x00000000d6100000)
  from space 1024K, 0% used [0x00000000d6100000,0x00000000d6100000,0x00000000d6200000)
  to   space 1536K, 0% used [0x00000000d6280000,0x00000000d6280000,0x00000000d6400000)
 ParOldGen       total 72704K, used 63997K [0x0000000080000000, 0x0000000084700000, 0x00000000d5580000)
  object space 72704K, 88% used [0x0000000080000000,0x0000000083e7f7d0,0x0000000084700000)
 Metaspace       used 58675K, committed 60096K, reserved 1114112K
  class space    used 6072K, committed 6720K, reserved 1048576K
}
Event: 27.955 GC heap after
{Heap after GC invocations=55 (full 3):
 PSYoungGen      total 12288K, used 1509K [0x00000000d5580000, 0x00000000d6600000, 0x0000000100000000)
  eden space 10752K, 0% used [0x00000000d5580000,0x00000000d5580000,0x00000000d6000000)
  from space 1536K, 98% used [0x00000000d6280000,0x00000000d63f9638,0x00000000d6400000)
  to   space 2560K, 0% used [0x00000000d6000000,0x00000000d6000000,0x00000000d6280000)
 ParOldGen       total 72704K, used 64481K [0x0000000080000000, 0x0000000084700000, 0x00000000d5580000)
  object space 72704K, 88% used [0x0000000080000000,0x0000000083ef8470,0x0000000084700000)
 Metaspace       used 58675K, committed 60096K, reserved 1114112K
  class space    used 6072K, committed 6720K, reserved 1048576K
}
Event: 28.179 GC heap before
{Heap before GC invocations=56 (full 3):
 PSYoungGen      total 12288K, used 12261K [0x00000000d5580000, 0x00000000d6600000, 0x0000000100000000)
  eden space 10752K, 100% used [0x00000000d5580000,0x00000000d6000000,0x00000000d6000000)
  from space 1536K, 98% used [0x00000000d6280000,0x00000000d63f9638,0x00000000d6400000)
  to   space 2560K, 0% used [0x00000000d6000000,0x00000000d6000000,0x00000000d6280000)
 ParOldGen       total 72704K, used 64481K [0x0000000080000000, 0x0000000084700000, 0x00000000d5580000)
  object space 72704K, 88% used [0x0000000080000000,0x0000000083ef8470,0x0000000084700000)
 Metaspace       used 58762K, committed 60160K, reserved 1114112K
  class space    used 6075K, committed 6720K, reserved 1048576K
}
Event: 28.185 GC heap after
{Heap after GC invocations=56 (full 3):
 PSYoungGen      total 12800K, used 1669K [0x00000000d5580000, 0x00000000d6400000, 0x0000000100000000)
  eden space 10752K, 0% used [0x00000000d5580000,0x00000000d5580000,0x00000000d6000000)
  from space 2048K, 81% used [0x00000000d6000000,0x00000000d61a1770,0x00000000d6200000)
  to   space 2048K, 0% used [0x00000000d6200000,0x00000000d6200000,0x00000000d6400000)
 ParOldGen       total 72704K, used 65988K [0x0000000080000000, 0x0000000084700000, 0x00000000d5580000)
  object space 72704K, 90% used [0x0000000080000000,0x0000000084071210,0x0000000084700000)
 Metaspace       used 58762K, committed 60160K, reserved 1114112K
  class space    used 6075K, committed 6720K, reserved 1048576K
}
Event: 28.431 GC heap before
{Heap before GC invocations=57 (full 3):
 PSYoungGen      total 12800K, used 12421K [0x00000000d5580000, 0x00000000d6400000, 0x0000000100000000)
  eden space 10752K, 100% used [0x00000000d5580000,0x00000000d6000000,0x00000000d6000000)
  from space 2048K, 81% used [0x00000000d6000000,0x00000000d61a1770,0x00000000d6200000)
  to   space 2048K, 0% used [0x00000000d6200000,0x00000000d6200000,0x00000000d6400000)
 ParOldGen       total 72704K, used 65988K [0x0000000080000000, 0x0000000084700000, 0x00000000d5580000)
  object space 72704K, 90% used [0x0000000080000000,0x0000000084071210,0x0000000084700000)
 Metaspace       used 58887K, committed 60288K, reserved 1114112K
  class space    used 6075K, committed 6720K, reserved 1048576K
}
Event: 28.436 GC heap after
{Heap after GC invocations=57 (full 3):
 PSYoungGen      total 12288K, used 1344K [0x00000000d5580000, 0x00000000d6380000, 0x0000000100000000)
  eden space 10752K, 0% used [0x00000000d5580000,0x00000000d5580000,0x00000000d6000000)
  from space 1536K, 87% used [0x00000000d6200000,0x00000000d6350000,0x00000000d6380000)
  to   space 1536K, 0% used [0x00000000d6080000,0x00000000d6080000,0x00000000d6200000)
 ParOldGen       total 72704K, used 67460K [0x0000000080000000, 0x0000000084700000, 0x00000000d5580000)
  object space 72704K, 92% used [0x0000000080000000,0x00000000841e1280,0x0000000084700000)
 Metaspace       used 58887K, committed 60288K, reserved 1114112K
  class space    used 6075K, committed 6720K, reserved 1048576K
}
Event: 28.639 GC heap before
{Heap before GC invocations=58 (full 3):
 PSYoungGen      total 12288K, used 12096K [0x00000000d5580000, 0x00000000d6380000, 0x0000000100000000)
  eden space 10752K, 100% used [0x00000000d5580000,0x00000000d6000000,0x00000000d6000000)
  from space 1536K, 87% used [0x00000000d6200000,0x00000000d6350000,0x00000000d6380000)
  to   space 1536K, 0% used [0x00000000d6080000,0x00000000d6080000,0x00000000d6200000)
 ParOldGen       total 72704K, used 67460K [0x0000000080000000, 0x0000000084700000, 0x00000000d5580000)
  object space 72704K, 92% used [0x0000000080000000,0x00000000841e1280,0x0000000084700000)
 Metaspace       used 59105K, committed 60480K, reserved 1114112K
  class space    used 6086K, committed 6720K, reserved 1048576K
}
Event: 28.642 GC heap after
{Heap after GC invocations=58 (full 3):
 PSYoungGen      total 12288K, used 1264K [0x00000000d5580000, 0x00000000d6300000, 0x0000000100000000)
  eden space 10752K, 0% used [0x00000000d5580000,0x00000000d5580000,0x00000000d6000000)
  from space 1536K, 82% used [0x00000000d6080000,0x00000000d61bc010,0x00000000d6200000)
  to   space 1024K, 0% used [0x00000000d6200000,0x00000000d6200000,0x00000000d6300000)
 ParOldGen       total 72704K, used 68699K [0x0000000080000000, 0x0000000084700000, 0x00000000d5580000)
  object space 72704K, 94% used [0x0000000080000000,0x0000000084316fa0,0x0000000084700000)
 Metaspace       used 59105K, committed 60480K, reserved 1114112K
  class space    used 6086K, committed 6720K, reserved 1048576K
}
Event: 28.816 GC heap before
{Heap before GC invocations=59 (full 3):
 PSYoungGen      total 12288K, used 12016K [0x00000000d5580000, 0x00000000d6300000, 0x0000000100000000)
  eden space 10752K, 100% used [0x00000000d5580000,0x00000000d6000000,0x00000000d6000000)
  from space 1536K, 82% used [0x00000000d6080000,0x00000000d61bc010,0x00000000d6200000)
  to   space 1024K, 0% used [0x00000000d6200000,0x00000000d6200000,0x00000000d6300000)
 ParOldGen       total 72704K, used 68699K [0x0000000080000000, 0x0000000084700000, 0x00000000d5580000)
  object space 72704K, 94% used [0x0000000080000000,0x0000000084316fa0,0x0000000084700000)
 Metaspace       used 59119K, committed 60480K, reserved 1114112K
  class space    used 6086K, committed 6720K, reserved 1048576K
}
Event: 28.829 GC heap after
{Heap after GC invocations=59 (full 3):
 PSYoungGen      total 11776K, used 1022K [0x00000000d5580000, 0x00000000d6300000, 0x0000000100000000)
  eden space 10752K, 0% used [0x00000000d5580000,0x00000000d5580000,0x00000000d6000000)
  from space 1024K, 99% used [0x00000000d6200000,0x00000000d62ff9c0,0x00000000d6300000)
  to   space 1536K, 0% used [0x00000000d6080000,0x00000000d6080000,0x00000000d6200000)
 ParOldGen       total 77312K, used 77004K [0x0000000080000000, 0x0000000084b80000, 0x00000000d5580000)
  object space 77312K, 99% used [0x0000000080000000,0x0000000084b33110,0x0000000084b80000)
 Metaspace       used 59119K, committed 60480K, reserved 1114112K
  class space    used 6086K, committed 6720K, reserved 1048576K
}

Dll operation events (10 events):
Event: 0.019 Loaded shared library c:\Users\JUNEMO\.vscode\extensions\redhat.java-1.52.0-win32-x64\jre\21.0.9-win32-x86_64\bin\java.dll
Event: 0.043 Loaded shared library c:\Users\JUNEMO\.vscode\extensions\redhat.java-1.52.0-win32-x64\jre\21.0.9-win32-x86_64\bin\zip.dll
Event: 0.112 Loaded shared library C:\Users\JUNEMO\.vscode\extensions\redhat.java-1.52.0-win32-x64\jre\21.0.9-win32-x86_64\bin\instrument.dll
Event: 0.122 Loaded shared library C:\Users\JUNEMO\.vscode\extensions\redhat.java-1.52.0-win32-x64\jre\21.0.9-win32-x86_64\bin\net.dll
Event: 0.136 Loaded shared library C:\Users\JUNEMO\.vscode\extensions\redhat.java-1.52.0-win32-x64\jre\21.0.9-win32-x86_64\bin\nio.dll
Event: 0.139 Loaded shared library C:\Users\JUNEMO\.vscode\extensions\redhat.java-1.52.0-win32-x64\jre\21.0.9-win32-x86_64\bin\zip.dll
Event: 0.153 Loaded shared library C:\Users\JUNEMO\.vscode\extensions\redhat.java-1.52.0-win32-x64\jre\21.0.9-win32-x86_64\bin\jimage.dll
Event: 0.209 Loaded shared library c:\Users\JUNEMO\.vscode\extensions\redhat.java-1.52.0-win32-x64\jre\21.0.9-win32-x86_64\bin\verify.dll
Event: 7.698 Loaded shared library C:\Users\JUNEMO\AppData\Roaming\Code\User\globalStorage\redhat.java\1.52.0\config_win\org.eclipse.equinox.launcher\org.eclipse.equinox.launcher.win32.win32.x86_64_1.2.1500.v20260121-1430\eclipse_11919.dll
Event: 17.633 Loaded shared library C:\Users\JUNEMO\AppData\Local\Temp\jna--2095518364\jna17408747096050764855.dll

Deoptimization events (20 events):
Event: 28.903 Thread 0x000001b6a0ac9c00 DEOPT PACKING pc=0x000001b6466da496 sp=0x00000091d79fe740
Event: 28.903 Thread 0x000001b6a0ac9c00 DEOPT UNPACKING pc=0x000001b64d0b4242 sp=0x00000091d79fdc40 mode 0
Event: 28.945 Thread 0x000001b6a2eba740 Uncommon trap: trap_request=0xffffffc6 fr.pc=0x000001b64d967668 relative=0x0000000000000468
Event: 28.945 Thread 0x000001b6a2eba740 Uncommon trap: reason=bimorphic_or_optimized_type_check action=maybe_recompile pc=0x000001b64d967668 method=java.util.Arrays.binarySearch0([Ljava/lang/Object;IILjava/lang/Object;Ljava/util/Comparator;)I @ 48 c2
Event: 28.945 Thread 0x000001b6a2eba740 DEOPT PACKING pc=0x000001b64d967668 sp=0x00000091d7dfea90
Event: 28.945 Thread 0x000001b6a2eba740 DEOPT UNPACKING pc=0x000001b64d0b3aa2 sp=0x00000091d7dfea38 mode 2
Event: 28.951 Thread 0x000001b6a2eba740 Uncommon trap: trap_request=0xffffffc6 fr.pc=0x000001b64d967668 relative=0x0000000000000468
Event: 28.951 Thread 0x000001b6a2eba740 Uncommon trap: reason=bimorphic_or_optimized_type_check action=maybe_recompile pc=0x000001b64d967668 method=java.util.Arrays.binarySearch0([Ljava/lang/Object;IILjava/lang/Object;Ljava/util/Comparator;)I @ 48 c2
Event: 28.951 Thread 0x000001b6a2eba740 DEOPT PACKING pc=0x000001b64d967668 sp=0x00000091d7dfea90
Event: 28.951 Thread 0x000001b6a2eba740 DEOPT UNPACKING pc=0x000001b64d0b3aa2 sp=0x00000091d7dfea38 mode 2
Event: 28.952 Thread 0x000001b6a2eba740 Uncommon trap: trap_request=0xffffffc6 fr.pc=0x000001b64d967668 relative=0x0000000000000468
Event: 28.952 Thread 0x000001b6a2eba740 Uncommon trap: reason=bimorphic_or_optimized_type_check action=maybe_recompile pc=0x000001b64d967668 method=java.util.Arrays.binarySearch0([Ljava/lang/Object;IILjava/lang/Object;Ljava/util/Comparator;)I @ 48 c2
Event: 28.952 Thread 0x000001b6a2eba740 DEOPT PACKING pc=0x000001b64d967668 sp=0x00000091d7dfea90
Event: 28.952 Thread 0x000001b6a2eba740 DEOPT UNPACKING pc=0x000001b64d0b3aa2 sp=0x00000091d7dfea38 mode 2
Event: 28.953 Thread 0x000001b6a2eba740 Uncommon trap: trap_request=0xffffffc6 fr.pc=0x000001b64d967668 relative=0x0000000000000468
Event: 28.953 Thread 0x000001b6a2eba740 Uncommon trap: reason=bimorphic_or_optimized_type_check action=maybe_recompile pc=0x000001b64d967668 method=java.util.Arrays.binarySearch0([Ljava/lang/Object;IILjava/lang/Object;Ljava/util/Comparator;)I @ 48 c2
Event: 28.953 Thread 0x000001b6a2eba740 DEOPT PACKING pc=0x000001b64d967668 sp=0x00000091d7dfea90
Event: 28.953 Thread 0x000001b6a2eba740 DEOPT UNPACKING pc=0x000001b64d0b3aa2 sp=0x00000091d7dfea38 mode 2
Event: 29.075 Thread 0x000001b6a2eba740 DEOPT PACKING pc=0x000001b64749c624 sp=0x00000091d7dfea00
Event: 29.075 Thread 0x000001b6a2eba740 DEOPT UNPACKING pc=0x000001b64d0b4242 sp=0x00000091d7dfdf58 mode 0

Classes loaded (20 events):
Event: 25.372 Loading class java/util/Hashtable$ValueCollection
Event: 25.373 Loading class java/util/Hashtable$ValueCollection done
Event: 25.383 Loading class java/util/concurrent/ConcurrentHashMap$KeySpliterator
Event: 25.384 Loading class java/util/concurrent/ConcurrentHashMap$KeySpliterator done
Event: 25.402 Loading class sun/nio/ch/ChannelOutputStream
Event: 25.403 Loading class sun/nio/ch/ChannelOutputStream done
Event: 25.518 Loading class java/util/stream/ReferencePipeline$4
Event: 25.519 Loading class java/util/stream/ReferencePipeline$4 done
Event: 25.519 Loading class java/util/stream/Nodes$IntFixedNodeBuilder
Event: 25.520 Loading class java/util/stream/Node$Builder$OfInt
Event: 25.521 Loading class java/util/stream/Node$Builder$OfInt done
Event: 25.521 Loading class java/util/stream/Nodes$IntArrayNode
Event: 25.521 Loading class java/util/stream/Nodes$IntArrayNode done
Event: 25.521 Loading class java/util/stream/Nodes$IntFixedNodeBuilder done
Event: 25.522 Loading class java/util/stream/ReferencePipeline$4$1
Event: 25.522 Loading class java/util/stream/ReferencePipeline$4$1 done
Event: 28.889 Loading class jdk/internal/module/IllegalAccessLogger
Event: 28.894 Loading class jdk/internal/module/IllegalAccessLogger done
Event: 28.946 Loading class java/io/DataOutputStream
Event: 28.950 Loading class java/io/DataOutputStream done

Classes unloaded (13 events):
Event: 18.370 Thread 0x000001b659382510 Unloading class 0x000001b65b1ab000 'java/lang/invoke/LambdaForm$MH+0x000001b65b1ab000'
Event: 18.370 Thread 0x000001b659382510 Unloading class 0x000001b65b1aac00 'java/lang/invoke/LambdaForm$MH+0x000001b65b1aac00'
Event: 18.370 Thread 0x000001b659382510 Unloading class 0x000001b65b1aa800 'java/lang/invoke/LambdaForm$MH+0x000001b65b1aa800'
Event: 18.370 Thread 0x000001b659382510 Unloading class 0x000001b65b1aa400 'java/lang/invoke/LambdaForm$MH+0x000001b65b1aa400'
Event: 18.370 Thread 0x000001b659382510 Unloading class 0x000001b65b1aa000 'java/lang/invoke/LambdaForm$BMH+0x000001b65b1aa000'
Event: 18.370 Thread 0x000001b659382510 Unloading class 0x000001b65b1a9c00 'java/lang/invoke/LambdaForm$DMH+0x000001b65b1a9c00'
Event: 18.371 Thread 0x000001b659382510 Unloading class 0x000001b65b1a8c00 'java/lang/invoke/LambdaForm$DMH+0x000001b65b1a8c00'
Event: 19.952 Thread 0x000001b659382510 Unloading class 0x000001b65b31ac00 'java/lang/invoke/LambdaForm$MH+0x000001b65b31ac00'
Event: 19.952 Thread 0x000001b659382510 Unloading class 0x000001b65b31a000 'java/lang/invoke/LambdaForm$MH+0x000001b65b31a000'
Event: 19.952 Thread 0x000001b659382510 Unloading class 0x000001b65b319800 'java/lang/invoke/LambdaForm$MH+0x000001b65b319800'
Event: 19.952 Thread 0x000001b659382510 Unloading class 0x000001b65b319000 'java/lang/invoke/LambdaForm$MH+0x000001b65b319000'
Event: 19.952 Thread 0x000001b659382510 Unloading class 0x000001b65b318c00 'java/lang/invoke/LambdaForm$DMH+0x000001b65b318c00'
Event: 19.952 Thread 0x000001b659382510 Unloading class 0x000001b65b318000 'java/lang/invoke/LambdaForm$MH+0x000001b65b318000'

Classes redefined (0 events):
No events

Internal exceptions (20 events):
Event: 25.475 Thread 0x000001b6a168a450 Exception <a 'java/lang/NoSuchMethodError'{0x00000000d5a0b528}: 'void java.lang.invoke.DirectMethodHandle$Holder.invokeStatic(java.lang.Object, int, java.lang.Object)'> (0x00000000d5a0b528) 
thrown [s\src\hotspot\share\interpreter\linkResolver.cpp, line 773]
Event: 26.403 Thread 0x000001b6a168a450 Implicit null exception at 0x000001b647071475 to 0x000001b647072653
Event: 26.404 Thread 0x000001b6a168a450 Exception <a 'java/lang/NullPointerException'{0x00000000d574da88}> (0x00000000d574da88) 
thrown [s\src\hotspot\share\runtime\sharedRuntime.cpp, line 625]
Event: 26.405 Thread 0x000001b6a168a450 Implicit null exception at 0x000001b647071475 to 0x000001b647072653
Event: 26.405 Thread 0x000001b6a168a450 Exception <a 'java/lang/NullPointerException'{0x00000000d5754940}> (0x00000000d5754940) 
thrown [s\src\hotspot\share\runtime\sharedRuntime.cpp, line 625]
Event: 26.405 Thread 0x000001b6a168a450 Implicit null exception at 0x000001b647071475 to 0x000001b647072653
Event: 26.405 Thread 0x000001b6a168a450 Exception <a 'java/lang/NullPointerException'{0x00000000d5755438}> (0x00000000d5755438) 
thrown [s\src\hotspot\share\runtime\sharedRuntime.cpp, line 625]
Event: 26.405 Thread 0x000001b6a168a450 Implicit null exception at 0x000001b647071475 to 0x000001b647072653
Event: 26.405 Thread 0x000001b6a168a450 Exception <a 'java/lang/NullPointerException'{0x00000000d5755ef8}> (0x00000000d5755ef8) 
thrown [s\src\hotspot\share\runtime\sharedRuntime.cpp, line 625]
Event: 27.434 Thread 0x000001b6a168a450 Exception <a 'java/lang/NoSuchMethodError'{0x00000000d5a2c860}: 'java.lang.Object java.lang.invoke.DirectMethodHandle$Holder.invokeStatic(java.lang.Object, java.lang.Object, int, java.lang.Object)'> (0x00000000d5a2c860) 
thrown [s\src\hotspot\share\interpreter\linkResolver.cpp, line 773]
Event: 27.660 Thread 0x000001b6a168a450 Exception <a 'java/lang/NoSuchMethodError'{0x00000000d5584410}: 'java.lang.Object java.lang.invoke.DirectMethodHandle$Holder.newInvokeSpecial(java.lang.Object, java.lang.Object, int)'> (0x00000000d5584410) 
thrown [s\src\hotspot\share\interpreter\linkResolver.cpp, line 773]
Event: 27.676 Thread 0x000001b6a168a450 Implicit null exception at 0x000001b64d8aa60e to 0x000001b64d8aae88
Event: 27.890 Thread 0x000001b6a168a450 Exception <a 'java/lang/NoSuchMethodError'{0x00000000d5dc0e38}: 'java.lang.Object java.lang.invoke.DirectMethodHandle$Holder.newInvokeSpecial(java.lang.Object, java.lang.Object, java.lang.Object, java.lang.Object, int)'> (0x00000000d5dc0e38) 
thrown [s\src\hotspot\share\interpreter\linkResolver.cpp, line 773]
Event: 27.890 Thread 0x000001b6a168a450 Exception <a 'java/lang/NoSuchMethodError'{0x00000000d5dc4f90}: 'java.lang.Object java.lang.invoke.DirectMethodHandle$Holder.invokeSpecial(java.lang.Object, java.lang.Object, java.lang.Object, java.lang.Object, java.lang.Object, int)'> (0x00000000d5dc4f90) 
thrown [s\src\hotspot\share\interpreter\linkResolver.cpp, line 773]
Event: 27.891 Thread 0x000001b6a168a450 Exception <a 'java/lang/NoSuchMethodError'{0x00000000d5dc8a20}: 'java.lang.Object java.lang.invoke.Invokers$Holder.linkToTargetMethod(java.lang.Object, java.lang.Object, java.lang.Object, int, java.lang.Object)'> (0x00000000d5dc8a20) 
thrown [s\src\hotspot\share\interpreter\linkResolver.cpp, line 773]
Event: 28.659 Thread 0x000001b6a0ac9c00 Exception <a 'sun/nio/fs/WindowsException'{0x00000000d566d868}> (0x00000000d566d868) 
thrown [s\src\hotspot\share\prims\jni.cpp, line 520]
Event: 28.660 Thread 0x000001b6a2ebadd0 Exception <a 'sun/nio/fs/WindowsException'{0x00000000d566e808}> (0x00000000d566e808) 
thrown [s\src\hotspot\share\prims\jni.cpp, line 520]
Event: 28.661 Thread 0x000001b6a2ebb460 Exception <a 'sun/nio/fs/WindowsException'{0x00000000d56753c0}> (0x00000000d56753c0) 
thrown [s\src\hotspot\share\prims\jni.cpp, line 520]
Event: 28.912 Thread 0x000001b6a0ac9c00 Exception <a 'sun/nio/fs/WindowsException'{0x00000000d58ae6c8}> (0x00000000d58ae6c8) 
thrown [s\src\hotspot\share\prims\jni.cpp, line 520]
Event: 28.912 Thread 0x000001b6a0ac9c00 Exception <a 'sun/nio/fs/WindowsException'{0x00000000d58aed18}> (0x00000000d58aed18) 
thrown [s\src\hotspot\share\prims\jni.cpp, line 520]

ZGC Phase Switch (0 events):
No events

VM Operations (20 events):
Event: 27.817 Executing VM operation: ICBufferFull
Event: 27.817 Executing VM operation: ICBufferFull done
Event: 27.862 Executing VM operation: HandshakeAllThreads (Deoptimize)
Event: 27.862 Executing VM operation: HandshakeAllThreads (Deoptimize) done
Event: 27.936 Executing VM operation: ICBufferFull
Event: 27.936 Executing VM operation: ICBufferFull done
Event: 27.951 Executing VM operation: ParallelGCFailedAllocation (Allocation Failure)
Event: 27.955 Executing VM operation: ParallelGCFailedAllocation (Allocation Failure) done
Event: 28.143 Executing VM operation: HandshakeAllThreads (Deoptimize)
Event: 28.144 Executing VM operation: HandshakeAllThreads (Deoptimize) done
Event: 28.178 Executing VM operation: ParallelGCFailedAllocation (Allocation Failure)
Event: 28.185 Executing VM operation: ParallelGCFailedAllocation (Allocation Failure) done
Event: 28.201 Executing VM operation: HandshakeAllThreads (Deoptimize)
Event: 28.202 Executing VM operation: HandshakeAllThreads (Deoptimize) done
Event: 28.430 Executing VM operation: ParallelGCFailedAllocation (Allocation Failure)
Event: 28.437 Executing VM operation: ParallelGCFailedAllocation (Allocation Failure) done
Event: 28.638 Executing VM operation: ParallelGCFailedAllocation (Allocation Failure)
Event: 28.643 Executing VM operation: ParallelGCFailedAllocation (Allocation Failure) done
Event: 28.816 Executing VM operation: ParallelGCFailedAllocation (Allocation Failure)
Event: 28.829 Executing VM operation: ParallelGCFailedAllocation (Allocation Failure) done

Memory protections (0 events):
No events

Nmethod flushes (20 events):
Event: 27.533 Thread 0x000001b659382510 flushing  nmethod 0x000001b6464aa190
Event: 27.533 Thread 0x000001b659382510 flushing  nmethod 0x000001b6464ac110
Event: 27.533 Thread 0x000001b659382510 flushing  nmethod 0x000001b6464acc90
Event: 27.533 Thread 0x000001b659382510 flushing  nmethod 0x000001b6464adb90
Event: 27.533 Thread 0x000001b659382510 flushing  nmethod 0x000001b6464ae310
Event: 27.533 Thread 0x000001b659382510 flushing  nmethod 0x000001b6464ae710
Event: 27.533 Thread 0x000001b659382510 flushing  nmethod 0x000001b6464aea90
Event: 27.533 Thread 0x000001b659382510 flushing  nmethod 0x000001b6464af610
Event: 27.533 Thread 0x000001b659382510 flushing  nmethod 0x000001b6464af990
Event: 27.533 Thread 0x000001b659382510 flushing  nmethod 0x000001b6464b6490
Event: 27.533 Thread 0x000001b659382510 flushing  nmethod 0x000001b6464c7090
Event: 27.533 Thread 0x000001b659382510 flushing  nmethod 0x000001b6464c7890
Event: 27.533 Thread 0x000001b659382510 flushing  nmethod 0x000001b6464c7d10
Event: 27.533 Thread 0x000001b659382510 flushing  nmethod 0x000001b6464c8290
Event: 27.533 Thread 0x000001b659382510 flushing  nmethod 0x000001b6464c8690
Event: 27.533 Thread 0x000001b659382510 flushing  nmethod 0x000001b6464c8c10
Event: 27.533 Thread 0x000001b659382510 flushing  nmethod 0x000001b6464ca110
Event: 27.533 Thread 0x000001b659382510 flushing  nmethod 0x000001b6464ca710
Event: 27.533 Thread 0x000001b659382510 flushing  nmethod 0x000001b6464cc090
Event: 27.533 Thread 0x000001b659382510 flushing  nmethod 0x000001b6464fa790

Events (20 events):
Event: 21.670 Thread 0x000001b6a2ebadd0 Thread added: 0x000001b6a2ebb460
Event: 21.671 Thread 0x000001b6a2ebb460 Thread added: 0x000001b6a1688380
Event: 21.671 Thread 0x000001b6a2ebb460 Thread added: 0x000001b6a168aae0
Event: 21.671 Thread 0x000001b6a1688380 Thread added: 0x000001b6a168b170
Event: 21.672 Thread 0x000001b6a168aae0 Thread added: 0x000001b6a1689730
Event: 21.672 Thread 0x000001b6a168b170 Thread added: 0x000001b6a168d8d0
Event: 21.672 Thread 0x000001b6a1689730 Thread added: 0x000001b6a168d240
Event: 22.014 Thread 0x000001b6a0ac9c00 Thread added: 0x000001b6a168df60
Event: 22.015 Thread 0x000001b6a0ac9c00 Thread added: 0x000001b6a1686fd0
Event: 22.015 Thread 0x000001b6a0ac9c00 Thread added: 0x000001b6a1688a10
Event: 22.015 Thread 0x000001b6a168df60 Thread added: 0x000001b6a16890a0
Event: 22.015 Thread 0x000001b6a1686fd0 Thread added: 0x000001b6a1689dc0
Event: 22.015 Thread 0x000001b6a0ac9c00 Thread added: 0x000001b6a168c520
Event: 25.254 Thread 0x000001b6a0ac9c00 Thread added: 0x000001b6a168a450
Event: 25.388 Thread 0x000001b6a0ac9c00 Thread added: 0x000001b6a168cbb0
Event: 25.415 Thread 0x000001b6a0ac9c00 Thread added: 0x000001b6a168e5f0
Event: 25.423 Thread 0x000001b6a0ac9c00 Thread added: 0x000001b6a1687660
Event: 25.490 Thread 0x000001b6a0ac9c00 Thread added: 0x000001b6a1687cf0
Event: 25.502 Thread 0x000001b6a0ac9c00 Thread added: 0x000001b6a168be90
Event: 25.508 Thread 0x000001b6a0ac9c00 Thread added: 0x000001b6a25da320


Dynamic libraries:
0x00007ff6fa510000 - 0x00007ff6fa51e000 	c:\Users\JUNEMO\.vscode\extensions\redhat.java-1.52.0-win32-x64\jre\21.0.9-win32-x86_64\bin\java.exe
0x00007ff87b270000 - 0x00007ff87b468000 	C:\Windows\SYSTEM32\ntdll.dll
0x00007ff87aae0000 - 0x00007ff87aba2000 	C:\Windows\System32\KERNEL32.DLL
0x00007ff878d90000 - 0x00007ff879086000 	C:\Windows\System32\KERNELBASE.dll
0x00007ff875ed0000 - 0x00007ff875f64000 	C:\Windows\SYSTEM32\apphelp.dll
0x00007ff878c00000 - 0x00007ff878d00000 	C:\Windows\System32\ucrtbase.dll
0x00007ff870a20000 - 0x00007ff870a38000 	c:\Users\JUNEMO\.vscode\extensions\redhat.java-1.52.0-win32-x64\jre\21.0.9-win32-x86_64\bin\jli.dll
0x00007ff85e210000 - 0x00007ff85e22e000 	c:\Users\JUNEMO\.vscode\extensions\redhat.java-1.52.0-win32-x64\jre\21.0.9-win32-x86_64\bin\VCRUNTIME140.dll
0x00007ff87a310000 - 0x00007ff87a4b1000 	C:\Windows\System32\USER32.dll
0x00007ff85caa0000 - 0x00007ff85cd3b000 	C:\Windows\WinSxS\amd64_microsoft.windows.common-controls_6595b64144ccf1df_6.0.19041.6456_none_60b8a6cb71f64256\COMCTL32.dll
0x00007ff878950000 - 0x00007ff878972000 	C:\Windows\System32\win32u.dll
0x00007ff879290000 - 0x00007ff8792bb000 	C:\Windows\System32\GDI32.dll
0x00007ff8795b0000 - 0x00007ff87964e000 	C:\Windows\System32\msvcrt.dll
0x00007ff878980000 - 0x00007ff878a99000 	C:\Windows\System32\gdi32full.dll
0x00007ff879090000 - 0x00007ff87912d000 	C:\Windows\System32\msvcp_win.dll
0x00007ff87b0d0000 - 0x00007ff87b0ff000 	C:\Windows\System32\IMM32.DLL
0x00007ff875d90000 - 0x00007ff875d9c000 	c:\Users\JUNEMO\.vscode\extensions\redhat.java-1.52.0-win32-x64\jre\21.0.9-win32-x86_64\bin\vcruntime140_1.dll
0x00007ff858fa0000 - 0x00007ff85902d000 	c:\Users\JUNEMO\.vscode\extensions\redhat.java-1.52.0-win32-x64\jre\21.0.9-win32-x86_64\bin\msvcp140.dll
0x00007ffff8250000 - 0x00007ffff8ff0000 	c:\Users\JUNEMO\.vscode\extensions\redhat.java-1.52.0-win32-x64\jre\21.0.9-win32-x86_64\bin\server\jvm.dll
0x00007ff8794f0000 - 0x00007ff8795a1000 	C:\Windows\System32\ADVAPI32.dll
0x00007ff879450000 - 0x00007ff8794ef000 	C:\Windows\System32\sechost.dll
0x00007ff87af20000 - 0x00007ff87b040000 	C:\Windows\System32\RPCRT4.dll
0x00007ff878b20000 - 0x00007ff878b47000 	C:\Windows\System32\bcrypt.dll
0x00007ff87adf0000 - 0x00007ff87ae5b000 	C:\Windows\System32\WS2_32.dll
0x00007ff877e90000 - 0x00007ff877edb000 	C:\Windows\SYSTEM32\POWRPROF.dll
0x00007ff85e490000 - 0x00007ff85e4b7000 	C:\Windows\SYSTEM32\WINMM.dll
0x00007ff872140000 - 0x00007ff87214a000 	C:\Windows\SYSTEM32\VERSION.dll
0x00007ff877d00000 - 0x00007ff877d12000 	C:\Windows\SYSTEM32\UMPDC.dll
0x00007ff876770000 - 0x00007ff876782000 	C:\Windows\SYSTEM32\kernel.appcore.dll
0x00007ff871f80000 - 0x00007ff871f8a000 	c:\Users\JUNEMO\.vscode\extensions\redhat.java-1.52.0-win32-x64\jre\21.0.9-win32-x86_64\bin\jimage.dll
0x00007ff8684d0000 - 0x00007ff8686d1000 	C:\Windows\SYSTEM32\DBGHELP.DLL
0x00007ff86bf70000 - 0x00007ff86bfa4000 	C:\Windows\SYSTEM32\dbgcore.DLL
0x00007ff878d00000 - 0x00007ff878d82000 	C:\Windows\System32\bcryptPrimitives.dll
0x00007ff875e40000 - 0x00007ff875e4f000 	c:\Users\JUNEMO\.vscode\extensions\redhat.java-1.52.0-win32-x64\jre\21.0.9-win32-x86_64\bin\instrument.dll
0x00007ff85d540000 - 0x00007ff85d560000 	c:\Users\JUNEMO\.vscode\extensions\redhat.java-1.52.0-win32-x64\jre\21.0.9-win32-x86_64\bin\java.dll
0x00007ff879ba0000 - 0x00007ff87a310000 	C:\Windows\System32\SHELL32.dll
0x00007ff876970000 - 0x00007ff877115000 	C:\Windows\SYSTEM32\windows.storage.dll
0x00007ff87a4c0000 - 0x00007ff87a814000 	C:\Windows\System32\combase.dll
0x00007ff878330000 - 0x00007ff87835b000 	C:\Windows\SYSTEM32\Wldp.dll
0x00007ff87aa10000 - 0x00007ff87aadd000 	C:\Windows\System32\OLEAUT32.dll
0x00007ff8792c0000 - 0x00007ff87936d000 	C:\Windows\System32\SHCORE.dll
0x00007ff87a880000 - 0x00007ff87a8db000 	C:\Windows\System32\shlwapi.dll
0x00007ff878830000 - 0x00007ff878854000 	C:\Windows\SYSTEM32\profapi.dll
0x00007ff85d430000 - 0x00007ff85d448000 	c:\Users\JUNEMO\.vscode\extensions\redhat.java-1.52.0-win32-x64\jre\21.0.9-win32-x86_64\bin\zip.dll
0x00007ff872850000 - 0x00007ff872860000 	C:\Users\JUNEMO\.vscode\extensions\redhat.java-1.52.0-win32-x64\jre\21.0.9-win32-x86_64\bin\net.dll
0x00007ff872470000 - 0x00007ff87257a000 	C:\Windows\SYSTEM32\WINHTTP.dll
0x00007ff878090000 - 0x00007ff8780fa000 	C:\Windows\system32\mswsock.dll
0x00007ff85bd90000 - 0x00007ff85bda6000 	C:\Users\JUNEMO\.vscode\extensions\redhat.java-1.52.0-win32-x64\jre\21.0.9-win32-x86_64\bin\nio.dll
0x00007ff875d30000 - 0x00007ff875d40000 	c:\Users\JUNEMO\.vscode\extensions\redhat.java-1.52.0-win32-x64\jre\21.0.9-win32-x86_64\bin\verify.dll
0x00007ff85d2f0000 - 0x00007ff85d335000 	C:\Users\JUNEMO\AppData\Roaming\Code\User\globalStorage\redhat.java\1.52.0\config_win\org.eclipse.equinox.launcher\org.eclipse.equinox.launcher.win32.win32.x86_64_1.2.1500.v20260121-1430\eclipse_11919.dll
0x00007ff87b100000 - 0x00007ff87b22b000 	C:\Windows\System32\ole32.dll
0x00007ff878280000 - 0x00007ff878298000 	C:\Windows\SYSTEM32\CRYPTSP.dll
0x00007ff8778d0000 - 0x00007ff877908000 	C:\Windows\system32\rsaenh.dll
0x00007ff8787f0000 - 0x00007ff87881e000 	C:\Windows\SYSTEM32\USERENV.dll
0x00007ff8782a0000 - 0x00007ff8782ac000 	C:\Windows\SYSTEM32\CRYPTBASE.dll
0x00007ff877d20000 - 0x00007ff877d5b000 	C:\Windows\SYSTEM32\IPHLPAPI.DLL
0x00007ff87abb0000 - 0x00007ff87abb8000 	C:\Windows\System32\NSI.dll
0x00007ff85c830000 - 0x00007ff85c879000 	C:\Users\JUNEMO\AppData\Local\Temp\jna--2095518364\jna17408747096050764855.dll
0x00007ff87af10000 - 0x00007ff87af18000 	C:\Windows\System32\PSAPI.DLL
0x00007ff870e30000 - 0x00007ff870e47000 	C:\Windows\SYSTEM32\dhcpcsvc6.DLL
0x00007ff8734c0000 - 0x00007ff8734dd000 	C:\Windows\SYSTEM32\dhcpcsvc.DLL

JVMTI agents:
c:\Users\JUNEMO\.vscode\extensions\redhat.java-1.52.0-win32-x64\lombok\lombok-1.18.39-4050.jar path:c:\Users\JUNEMO\.vscode\extensions\redhat.java-1.52.0-win32-x64\jre\21.0.9-win32-x86_64\bin\instrument.dll, loaded, initialized, instrumentlib options:none

dbghelp: loaded successfully - version: 4.0.5 - missing functions: none
symbol engine: initialized successfully - sym options: 0x614 - pdb path: .;c:\Users\JUNEMO\.vscode\extensions\redhat.java-1.52.0-win32-x64\jre\21.0.9-win32-x86_64\bin;C:\Windows\SYSTEM32;C:\Windows\WinSxS\amd64_microsoft.windows.common-controls_6595b64144ccf1df_6.0.19041.6456_none_60b8a6cb71f64256;c:\Users\JUNEMO\.vscode\extensions\redhat.java-1.52.0-win32-x64\jre\21.0.9-win32-x86_64\bin\server;C:\Users\JUNEMO\AppData\Roaming\Code\User\globalStorage\redhat.java\1.52.0\config_win\org.eclipse.equinox.launcher\org.eclipse.equinox.launcher.win32.win32.x86_64_1.2.1500.v20260121-1430;C:\Users\JUNEMO\AppData\Local\Temp\jna--2095518364

VM Arguments:
jvm_args: --add-modules=ALL-SYSTEM --add-opens=java.base/java.util=ALL-UNNAMED --add-opens=java.base/java.lang=ALL-UNNAMED --add-opens=java.base/sun.nio.fs=ALL-UNNAMED -Declipse.application=org.eclipse.jdt.ls.core.id1 -Dosgi.bundles.defaultStartLevel=4 -Declipse.product=org.eclipse.jdt.ls.core.product -Djava.import.generatesMetadataFilesAtProjectRoot=false -DDetectVMInstallationsJob.disabled=true -Dfile.encoding=utf8 -XX:+UseParallelGC -XX:GCTimeRatio=4 -XX:AdaptiveSizePolicyWeight=90 -Dsun.zip.disableMemoryMapping=true -Xmx2G -Xms100m -Xlog:disable -javaagent:c:\Users\JUNEMO\.vscode\extensions\redhat.java-1.52.0-win32-x64\lombok\lombok-1.18.39-4050.jar -XX:+HeapDumpOnOutOfMemoryError -XX:HeapDumpPath=c:\Users\JUNEMO\AppData\Roaming\Code\User\workspaceStorage\5e6d0f41e8df5a95299d9502eb47a187\redhat.java -Daether.dependencyCollector.impl=bf 
java_command: c:\Users\JUNEMO\.vscode\extensions\redhat.java-1.52.0-win32-x64\server\plugins\org.eclipse.equinox.launcher_1.7.100.v20251111-0406.jar -configuration c:\Users\JUNEMO\AppData\Roaming\Code\User\globalStorage\redhat.java\1.52.0\config_win -data c:\Users\JUNEMO\AppData\Roaming\Code\User\workspaceStorage\5e6d0f41e8df5a95299d9502eb47a187\redhat.java\jdt_ws --pipe=\\.\pipe\lsp-cf4bcb862bb18757a1e424fc02cf6f3a-sock
java_class_path (initial): c:\Users\JUNEMO\.vscode\extensions\redhat.java-1.52.0-win32-x64\server\plugins\org.eclipse.equinox.launcher_1.7.100.v20251111-0406.jar
Launcher Type: SUN_STANDARD

[Global flags]
    uintx AdaptiveSizePolicyWeight                 = 90                                        {product} {command line}
     intx CICompilerCount                          = 4                                         {product} {ergonomic}
    uintx GCTimeRatio                              = 4                                         {product} {command line}
     bool HeapDumpOnOutOfMemoryError               = true                                   {manageable} {command line}
    ccstr HeapDumpPath                             = c:\Users\JUNEMO\AppData\Roaming\Code\User\workspaceStorage\5e6d0f41e8df5a95299d9502eb47a187\redhat.java         {manageable} {command line}
   size_t InitialHeapSize                          = 104857600                                 {product} {command line}
   size_t MaxHeapSize                              = 2147483648                                {product} {command line}
   size_t MaxNewSize                               = 715653120                                 {product} {ergonomic}
   size_t MinHeapDeltaBytes                        = 524288                                    {product} {ergonomic}
   size_t MinHeapSize                              = 104857600                                 {product} {command line}
   size_t NewSize                                  = 34603008                                  {product} {ergonomic}
    uintx NonNMethodCodeHeapSize                   = 5839372                                {pd product} {ergonomic}
    uintx NonProfiledCodeHeapSize                  = 122909434                              {pd product} {ergonomic}
   size_t OldSize                                  = 70254592                                  {product} {ergonomic}
    uintx ProfiledCodeHeapSize                     = 122909434                              {pd product} {ergonomic}
    uintx ReservedCodeCacheSize                    = 251658240                              {pd product} {ergonomic}
     bool SegmentedCodeCache                       = true                                      {product} {ergonomic}
   size_t SoftMaxHeapSize                          = 2147483648                             {manageable} {ergonomic}
     bool UseCompressedOops                        = true                           {product lp64_product} {ergonomic}
     bool UseLargePagesIndividualAllocation        = false                                  {pd product} {ergonomic}
     bool UseParallelGC                            = true                                      {product} {command line}

Logging:
Log output configuration:
 #0: stdout all=off uptime,level,tags foldmultilines=false
 #1: stderr all=off uptime,level,tags foldmultilines=false

Release file:
JAVA_VERSION="21.0.9" 
MODULES="java.base java.compiler java.datatransfer java.xml java.prefs java.desktop java.instrument java.logging java.management java.security.sasl java.naming java.rmi java.management.rmi java.net.http java.scripting java.security.jgss java.transaction.xa java.sql java.sql.rowset java.xml.crypto java.se java.smartcardio jdk.accessibility jdk.internal.jvmstat jdk.attach jdk.charsets jdk.internal.opt jdk.zipfs jdk.compiler jdk.crypto.ec jdk.crypto.cryptoki jdk.crypto.mscapi jdk.dynalink jdk.internal.ed jdk.editpad jdk.hotspot.agent jdk.httpserver jdk.internal.le jdk.internal.vm.ci jdk.internal.vm.compiler jdk.internal.vm.compiler.management jdk.jartool jdk.javadoc jdk.jcmd jdk.management jdk.management.agent jdk.jconsole jdk.jdeps jdk.jdwp.agent jdk.jdi jdk.jfr jdk.jshell jdk.jsobject jdk.jstatd jdk.localedata jdk.management.jfr jdk.naming.dns jdk.naming.rmi jdk.net jdk.nio.mapmode jdk.random jdk.sctp jdk.security.auth jdk.security.jgss jdk.unsupported jdk.unsupported.desktop jdk.xml.dom" 

Environment Variables:
PATH=C:\Program Files\Common Files\Oracle\Java\javapath;C:\Windows\system32;C:\Windows;C:\Windows\System32\Wbem;C:\Windows\System32\WindowsPowerShell\v1.0\;C:\Windows\System32\OpenSSH\;C:\Program Files\Git\cmd;C:\Program Files\nodejs\;C:\ProgramData\chocolatey\bin;C:\Users\JUNEMO\AppData\Local\Programs\Python\Python312\Scripts\;C:\Users\JUNEMO\AppData\Local\Programs\Python\Python312\;C:\Users\JUNEMO\AppData\Local\Microsoft\WindowsApps;C:\Users\JUNEMO\AppData\Roaming\npm;C:\Users\JUNEMO\AppData\Local\Programs\Microsoft VS Code\bin
USERNAME=JUNEMO
OS=Windows_NT
PROCESSOR_IDENTIFIER=Intel64 Family 6 Model 142 Stepping 10, GenuineIntel
TMP=C:\Users\JUNEMO\AppData\Local\Temp
TEMP=C:\Users\JUNEMO\AppData\Local\Temp




Periodic native trim disabled

---------------  S Y S T E M  ---------------

OS:
 Windows 10 , 64 bit Build 19041 (10.0.19041.5915)
OS uptime: 4 days 4:49 hours

CPU: total 8 (initial active 8) (4 cores per cpu, 2 threads per core) family 6 model 142 stepping 10 microcode 0xea, cx8, cmov, fxsr, ht, mmx, 3dnowpref, sse, sse2, sse3, ssse3, sse4.1, sse4.2, popcnt, lzcnt, tsc, tscinvbit, avx, avx2, aes, erms, clmul, bmi1, bmi2, adx, fma, vzeroupper, clflush, clflushopt, rdtscp, f16c
Processor Information for the first 8 processors :
  Max Mhz: 1801, Current Mhz: 1801, Mhz Limit: 1801

Memory: 4k page, system-wide physical 3962M (220M free)
TotalPageFile size 16250M (AvailPageFile size 10M)
current process WorkingSet (physical memory assigned to process): 213M, peak: 271M
current process commit charge ("private bytes"): 361M, peak: 374M

vm_info: OpenJDK 64-Bit Server VM (21.0.9+10-LTS) for windows-amd64 JRE (21.0.9+10-LTS), built on 2025-10-21T00:00:00Z by "admin" with unknown MS VC++:1942

END.
