#
# There is insufficient memory for the Java Runtime Environment to continue.
# Native memory allocation (malloc) failed to allocate 1048576 bytes. Error detail: AllocateHeap
# Possible reasons:
#   The system is out of physical RAM or swap space
#   This process is running with CompressedOops enabled, and the Java Heap may be blocking the growth of the native heap
# Possible solutions:
#   Reduce memory load on the system
#   Increase physical memory or swap space
#   Check if swap backing store is full
#   Decrease Java heap size (-Xmx/-Xms)
#   Decrease number of Java threads
#   Decrease Java thread stack sizes (-Xss)
#   Set larger code cache with -XX:ReservedCodeCacheSize=
#   JVM is running with Unscaled Compressed Oops mode in which the Java heap is
#     placed in the first 4GB address space. The Java Heap base address is the
#     maximum limit for the native heap growth. Please use -XX:HeapBaseMinAddress
#     to set the Java Heap base and to place the Java Heap above 4GB virtual address.
# This output file may be truncated or incomplete.
#
#  Out of Memory Error (allocation.cpp:44), pid=1652, tid=13916
#
# JRE version: OpenJDK Runtime Environment Temurin-21.0.9+10 (21.0.9+10) (build 21.0.9+10-LTS)
# Java VM: OpenJDK 64-Bit Server VM Temurin-21.0.9+10 (21.0.9+10-LTS, mixed mode, sharing, tiered, compressed oops, compressed class ptrs, parallel gc, windows-amd64)
# No core dump will be written. Minidumps are not enabled by default on client versions of Windows
#

---------------  S U M M A R Y ------------

Command Line: --add-modules=ALL-SYSTEM --add-opens=java.base/java.util=ALL-UNNAMED --add-opens=java.base/java.lang=ALL-UNNAMED --add-opens=java.base/sun.nio.fs=ALL-UNNAMED -Declipse.application=org.eclipse.jdt.ls.core.id1 -Dosgi.bundles.defaultStartLevel=4 -Declipse.product=org.eclipse.jdt.ls.core.product -Djava.import.generatesMetadataFilesAtProjectRoot=false -DDetectVMInstallationsJob.disabled=true -Dfile.encoding=utf8 -XX:+UseParallelGC -XX:GCTimeRatio=4 -XX:AdaptiveSizePolicyWeight=90 -Dsun.zip.disableMemoryMapping=true -Xmx2G -Xms100m -Xlog:disable -javaagent:c:\Users\JUNEMO\.vscode\extensions\redhat.java-1.51.0-win32-x64\lombok\lombok-1.18.39-4050.jar -XX:+HeapDumpOnOutOfMemoryError -XX:HeapDumpPath=c:\Users\JUNEMO\AppData\Roaming\Code\User\workspaceStorage\5e6d0f41e8df5a95299d9502eb47a187\redhat.java -Daether.dependencyCollector.impl=bf c:\Users\JUNEMO\.vscode\extensions\redhat.java-1.51.0-win32-x64\server\plugins\org.eclipse.equinox.launcher_1.7.100.v20251111-0406.jar -configuration c:\Users\JUNEMO\AppData\Roaming\Code\User\globalStorage\redhat.java\1.51.0\config_win -data c:\Users\JUNEMO\AppData\Roaming\Code\User\workspaceStorage\5e6d0f41e8df5a95299d9502eb47a187\redhat.java\jdt_ws --pipe=\\.\pipe\lsp-ce1a49d02089021b3966f96674937d61-sock

Host: Intel(R) Core(TM) i5-8250U CPU @ 1.60GHz, 8 cores, 3G,  Windows 10 , 64 bit Build 19041 (10.0.19041.5915)
Time: Fri Jan 30 14:51:28 2026 elapsed time: 20972.331156 seconds (0d 5h 49m 32s)

---------------  T H R E A D  ---------------

Current thread (0x0000023a84865080):  JavaThread "Attach Listener" daemon [_thread_in_vm, id=13916, stack(0x0000004004f00000,0x0000004005000000) (1024K)]

Stack: [0x0000004004f00000,0x0000004005000000]
Native frames: (J=compiled Java code, j=interpreted, Vv=VM code, C=native code)
V  [jvm.dll+0x6d6e29]
V  [jvm.dll+0x8b4b76]
V  [jvm.dll+0x8b712e]
V  [jvm.dll+0x8b7813]
V  [jvm.dll+0x283d86]
V  [jvm.dll+0xc1277]
V  [jvm.dll+0x6d76d9]
V  [jvm.dll+0x133466]
V  [jvm.dll+0x3f7ea6]
V  [jvm.dll+0x85e9ad]
V  [jvm.dll+0x6d565d]
C  [ucrtbase.dll+0x21bb2]
C  [KERNEL32.DLL+0x17374]
C  [ntdll.dll+0x4cc91]


---------------  P R O C E S S  ---------------

Threads class SMR info:
_java_thread_list=0x0000023acc179490, length=36, elements={
0x0000023aedc72a50, 0x0000023a84860cf0, 0x0000023a84861c00, 0x0000023a84864170,
0x0000023a84865080, 0x0000023a84867ea0, 0x0000023a84869900, 0x0000023a8486a730,
0x0000023ac7348500, 0x0000023ac74fafc0, 0x0000023ac756f8d0, 0x0000023ac7ae5bb0,
0x0000023ac7c0baf0, 0x0000023ac7349030, 0x0000023ac7349f80, 0x0000023acc1f5e90,
0x0000023ac7cbba70, 0x0000023acc34c4b0, 0x0000023acc34b100, 0x0000023acc3496c0,
0x0000023acc3bdeb0, 0x0000023acc3bbde0, 0x0000023acc3bf260, 0x0000023acc3bcb00,
0x0000023acc3bd190, 0x0000023acc3b9d10, 0x0000023acc3bebd0, 0x0000023acc3bf8f0,
0x0000023acc3ba3a0, 0x0000023acc3b8960, 0x0000023acc3bff80, 0x0000023acc3bd820,
0x0000023acd79e940, 0x0000023acc3be540, 0x0000023ad995d780, 0x0000023acef11b20
}

Java Threads: ( => current thread )
  0x0000023aedc72a50 JavaThread "main"                              [_thread_blocked, id=9280, stack(0x0000004004800000,0x0000004004900000) (1024K)]
  0x0000023a84860cf0 JavaThread "Reference Handler"          daemon [_thread_blocked, id=8724, stack(0x0000004004c00000,0x0000004004d00000) (1024K)]
  0x0000023a84861c00 JavaThread "Finalizer"                  daemon [_thread_blocked, id=7764, stack(0x0000004004d00000,0x0000004004e00000) (1024K)]
  0x0000023a84864170 JavaThread "Signal Dispatcher"          daemon [_thread_blocked, id=13300, stack(0x0000004004e00000,0x0000004004f00000) (1024K)]
=>0x0000023a84865080 JavaThread "Attach Listener"            daemon [_thread_in_vm, id=13916, stack(0x0000004004f00000,0x0000004005000000) (1024K)]
  0x0000023a84867ea0 JavaThread "Service Thread"             daemon [_thread_blocked, id=12776, stack(0x0000004005000000,0x0000004005100000) (1024K)]
  0x0000023a84869900 JavaThread "Monitor Deflation Thread"   daemon [_thread_blocked, id=11476, stack(0x0000004005100000,0x0000004005200000) (1024K)]
  0x0000023a8486a730 JavaThread "C2 CompilerThread0"         daemon [_thread_blocked, id=7824, stack(0x0000004005200000,0x0000004005300000) (1024K)]
  0x0000023ac7348500 JavaThread "C1 CompilerThread0"         daemon [_thread_blocked, id=5680, stack(0x0000004005300000,0x0000004005400000) (1024K)]
  0x0000023ac74fafc0 JavaThread "Common-Cleaner"             daemon [_thread_blocked, id=2772, stack(0x0000004005400000,0x0000004005500000) (1024K)]
  0x0000023ac756f8d0 JavaThread "Notification Thread"        daemon [_thread_blocked, id=11424, stack(0x0000004005500000,0x0000004005600000) (1024K)]
  0x0000023ac7ae5bb0 JavaThread "Active Thread: Equinox Container: 38b2d032-c815-425d-ab04-496937a31f91"        [_thread_blocked, id=13792, stack(0x0000004005c00000,0x0000004005d00000) (1024K)]
  0x0000023ac7c0baf0 JavaThread "Refresh Thread: Equinox Container: 38b2d032-c815-425d-ab04-496937a31f91" daemon [_thread_blocked, id=10352, stack(0x0000004005e00000,0x0000004005f00000) (1024K)]
  0x0000023ac7349030 JavaThread "Framework Event Dispatcher: Equinox Container: 38b2d032-c815-425d-ab04-496937a31f91" daemon [_thread_blocked, id=13880, stack(0x0000004005f00000,0x0000004006000000) (1024K)]
  0x0000023ac7349f80 JavaThread "Start Level: Equinox Container: 38b2d032-c815-425d-ab04-496937a31f91" daemon [_thread_blocked, id=13588, stack(0x0000004006000000,0x0000004006100000) (1024K)]
  0x0000023acc1f5e90 JavaThread "Bundle File Closer"         daemon [_thread_blocked, id=12628, stack(0x0000004006100000,0x0000004006200000) (1024K)]
  0x0000023ac7cbba70 JavaThread "SCR Component Actor"        daemon [_thread_blocked, id=7820, stack(0x0000004006200000,0x0000004006300000) (1024K)]
  0x0000023acc34c4b0 JavaThread "Worker-JM"                         [_thread_blocked, id=6672, stack(0x0000004006300000,0x0000004006400000) (1024K)]
  0x0000023acc34b100 JavaThread "JNA Cleaner"                daemon [_thread_blocked, id=8064, stack(0x0000004006400000,0x0000004006500000) (1024K)]
  0x0000023acc3496c0 JavaThread "Java indexing"              daemon [_thread_blocked, id=7752, stack(0x0000004006900000,0x0000004006a00000) (1024K)]
  0x0000023acc3bdeb0 JavaThread "Thread-1"                   daemon [_thread_in_native, id=13180, stack(0x0000004006e00000,0x0000004006f00000) (1024K)]
  0x0000023acc3bbde0 JavaThread "Thread-2"                   daemon [_thread_in_native, id=9004, stack(0x0000004006f00000,0x0000004007000000) (1024K)]
  0x0000023acc3bf260 JavaThread "Thread-3"                   daemon [_thread_in_native, id=3308, stack(0x0000004007000000,0x0000004007100000) (1024K)]
  0x0000023acc3bcb00 JavaThread "Thread-4"                   daemon [_thread_in_native, id=2264, stack(0x0000004007100000,0x0000004007200000) (1024K)]
  0x0000023acc3bd190 JavaThread "Thread-5"                   daemon [_thread_in_native, id=13900, stack(0x0000004007200000,0x0000004007300000) (1024K)]
  0x0000023acc3b9d10 JavaThread "Thread-6"                   daemon [_thread_in_native, id=7748, stack(0x0000004007300000,0x0000004007400000) (1024K)]
  0x0000023acc3bebd0 JavaThread "Thread-7"                   daemon [_thread_in_native, id=7476, stack(0x0000004007400000,0x0000004007500000) (1024K)]
  0x0000023acc3bf8f0 JavaThread "Thread-8"                   daemon [_thread_in_native, id=10832, stack(0x0000004007500000,0x0000004007600000) (1024K)]
  0x0000023acc3ba3a0 JavaThread "Thread-9"                   daemon [_thread_in_native, id=6056, stack(0x0000004007600000,0x0000004007700000) (1024K)]
  0x0000023acc3b8960 JavaThread "pool-2-thread-1"                   [_thread_blocked, id=13668, stack(0x0000004007700000,0x0000004007800000) (1024K)]
  0x0000023acc3bff80 JavaThread "WorkspaceEventsHandler"            [_thread_blocked, id=13864, stack(0x0000004007800000,0x0000004007900000) (1024K)]
  0x0000023acc3bd820 JavaThread "pool-1-thread-1"                   [_thread_blocked, id=12460, stack(0x0000004007900000,0x0000004007a00000) (1024K)]
  0x0000023acd79e940 JavaThread "Timer-0"                           [_thread_blocked, id=84, stack(0x0000004008000000,0x0000004008100000) (1024K)]
  0x0000023acc3be540 JavaThread "Cleaner-0"                  daemon [_thread_blocked, id=6192, stack(0x0000004006d00000,0x0000004006e00000) (1024K)]
  0x0000023ad995d780 JavaThread "Worker-20"                         [_thread_blocked, id=17148, stack(0x0000004006700000,0x0000004006800000) (1024K)]
  0x0000023acef11b20 JavaThread "Worker-31"                         [_thread_blocked, id=16760, stack(0x0000004004500000,0x0000004004600000) (1024K)]
Total: 36

Other Threads:
  0x0000023a84851b70 VMThread "VM Thread"                           [id=10380, stack(0x0000004004b00000,0x0000004004c00000) (1024K)]
  0x0000023aedcdc5b0 WatcherThread "VM Periodic Task Thread"        [id=12412, stack(0x0000004004a00000,0x0000004004b00000) (1024K)]
  0x0000023aedc8fc70 WorkerThread "GC Thread#0"                     [id=2936, stack(0x0000004004900000,0x0000004004a00000) (1024K)]
  0x0000023ac79a1690 WorkerThread "GC Thread#1"                     [id=4320, stack(0x0000004005600000,0x0000004005700000) (1024K)]
  0x0000023ac7b5a640 WorkerThread "GC Thread#2"                     [id=10868, stack(0x0000004005700000,0x0000004005800000) (1024K)]
  0x0000023ac79fe5c0 WorkerThread "GC Thread#3"                     [id=9320, stack(0x0000004005800000,0x0000004005900000) (1024K)]
  0x0000023ac79fe960 WorkerThread "GC Thread#4"                     [id=13840, stack(0x0000004005900000,0x0000004005a00000) (1024K)]
  0x0000023ac79fc520 WorkerThread "GC Thread#5"                     [id=8748, stack(0x0000004005a00000,0x0000004005b00000) (1024K)]
  0x0000023ac79fc8c0 WorkerThread "GC Thread#6"                     [id=5684, stack(0x0000004005b00000,0x0000004005c00000) (1024K)]
  0x0000023ac7b49aa0 WorkerThread "GC Thread#7"                     [id=14028, stack(0x0000004005d00000,0x0000004005e00000) (1024K)]
Total: 10

Threads with active compile tasks:
Total: 0

VM state: not at safepoint (normal execution)

VM Mutex/Monitor currently owned by a thread: None

Heap address: 0x0000000080000000, size: 2048 MB, Compressed Oops mode: 32-bit

CDS archive(s) mapped at: [0x0000023a85000000-0x0000023a85ba0000-0x0000023a85ba0000), size 12189696, SharedBaseAddress: 0x0000023a85000000, ArchiveRelocationMode: 1.
Compressed class space mapped at: 0x0000023a86000000-0x0000023ac6000000, reserved size: 1073741824
Narrow klass base: 0x0000023a85000000, Narrow klass shift: 0, Narrow klass range: 0x100000000

GC Precious Log:
 CardTable entry size: 512
 CPUs: 8 total, 8 available
 Memory: 3962M
 Large Page Support: Disabled
 NUMA Support: Disabled
 Compressed Oops: Enabled (32-bit)
 Alignments: Space 512K, Generation 512K, Heap 2M
 Heap Min Capacity: 100M
 Heap Initial Capacity: 100M
 Heap Max Capacity: 2G
 Pre-touch: Disabled
 Parallel Workers: 8

Heap:
 PSYoungGen      total 16896K, used 11514K [0x00000000d5580000, 0x00000000d6c00000, 0x0000000100000000)
  eden space 15872K, 66% used [0x00000000d5580000,0x00000000d5fc6ab8,0x00000000d6500000)
  from space 1024K, 96% used [0x00000000d6500000,0x00000000d65f8000,0x00000000d6600000)
  to   space 3072K, 0% used [0x00000000d6900000,0x00000000d6900000,0x00000000d6c00000)
 ParOldGen       total 1301504K, used 1301153K [0x0000000080000000, 0x00000000cf700000, 0x00000000d5580000)
  object space 1301504K, 99% used [0x0000000080000000,0x00000000cf6a8638,0x00000000cf700000)
 Metaspace       used 90938K, committed 92608K, reserved 1179648K
  class space    used 9669K, committed 10432K, reserved 1048576K

Card table byte_map: [0x0000023aed620000,0x0000023aeda30000] _byte_map_base: 0x0000023aed220000

Marking Bits: (ParMarkBitMap*) 0x00007ffb38582460
 Begin Bits: [0x0000023a802b0000, 0x0000023a822b0000)
 End Bits:   [0x0000023a822b0000, 0x0000023a842b0000)

Polling page: 0x0000023aeba70000

Metaspace:

Usage:
  Non-class:     79.36 MB used.
      Class:      9.44 MB used.
       Both:     88.81 MB used.

Virtual space:
  Non-class space:      128.00 MB reserved,      80.25 MB ( 63%) committed,  2 nodes.
      Class space:        1.00 GB reserved,      10.19 MB ( <1%) committed,  1 nodes.
             Both:        1.12 GB reserved,      90.44 MB (  8%) committed. 

Chunk freelists:
   Non-Class:  15.75 MB
       Class:  5.85 MB
        Both:  21.60 MB

MaxMetaspaceSize: unlimited
CompressedClassSpaceSize: 1.00 GB
Initial GC threshold: 21.00 MB
Current GC threshold: 144.19 MB
CDS: on
 - commit_granule_bytes: 65536.
 - commit_granule_words: 8192.
 - virtual_space_node_default_size: 8388608.
 - enlarge_chunks_in_place: 1.
 - use_allocation_guard: 0.


Internal statistics:

num_allocs_failed_limit: 9.
num_arena_births: 1870.
num_arena_deaths: 442.
num_vsnodes_births: 3.
num_vsnodes_deaths: 0.
num_space_committed: 1447.
num_space_uncommitted: 0.
num_chunks_returned_to_freelist: 485.
num_chunks_taken_from_freelist: 6635.
num_chunk_merges: 128.
num_chunk_splits: 3880.
num_chunks_enlarged: 2187.
num_inconsistent_stats: 0.

CodeHeap 'non-profiled nmethods': size=120000Kb used=28000Kb max_used=28000Kb free=92000Kb
 bounds [0x0000023af8950000, 0x0000023afa4b0000, 0x0000023affe80000]
CodeHeap 'profiled nmethods': size=120000Kb used=50553Kb max_used=50553Kb free=69446Kb
 bounds [0x0000023af0e80000, 0x0000023af3ff0000, 0x0000023af83b0000]
CodeHeap 'non-nmethods': size=5760Kb used=1490Kb max_used=1598Kb free=4269Kb
 bounds [0x0000023af83b0000, 0x0000023af8620000, 0x0000023af8950000]
CodeCache: size=245760Kb, used=80043Kb, max_used=80151Kb, free=165715Kb
 total_blobs=20717, nmethods=19912, adapters=705, full_count=0
Compilation: enabled, stopped_count=0, restarted_count=0

Compilation events (20 events):
Event: 20093.610 Thread 0x0000023ac7348500 24894   !   3       org.eclipse.core.internal.filebuffers.SynchronizableDocument::containsPositionCategory (30 bytes)
Event: 20093.621 Thread 0x0000023a8486a730 24895       4       org.eclipse.jface.text.CopyOnWriteTextStore::getLength (10 bytes)
Event: 20093.634 Thread 0x0000023ac7348500 nmethod 24894 0x0000023af3fdf010 code [0x0000023af3fdf200, 0x0000023af3fdf838]
Event: 20093.642 Thread 0x0000023a8486a730 nmethod 24895 0x0000023afa4a2910 code [0x0000023afa4a2aa0, 0x0000023afa4a2bd8]
Event: 20094.373 Thread 0x0000023a8486a730 24896       4       java.util.Stack::<init> (5 bytes)
Event: 20094.791 Thread 0x0000023a8486a730 nmethod 24896 0x0000023afa4a2d10 code [0x0000023afa4a2ea0, 0x0000023afa4a2fe8]
Event: 20116.246 Thread 0x0000023ac7348500 24897       3       org.eclipse.core.internal.resources.Workspace::broadcastBuildEvent (28 bytes)
Event: 20116.299 Thread 0x0000023ac7348500 nmethod 24897 0x0000023af3fdfa90 code [0x0000023af3fdfc80, 0x0000023af3fe00e0]
Event: 20242.298 Thread 0x0000023a8486a730 24898       4       java.util.concurrent.ConcurrentHashMap::sumCount (60 bytes)
Event: 20242.325 Thread 0x0000023a8486a730 nmethod 24898 0x0000023afa4a3110 code [0x0000023afa4a32a0, 0x0000023afa4a3388]
Event: 20242.820 Thread 0x0000023ac7348500 24899       3       java.util.concurrent.ForkJoinTask::signalWaiters (61 bytes)
Event: 20242.864 Thread 0x0000023ac7348500 nmethod 24899 0x0000023af3fe0310 code [0x0000023af3fe0520, 0x0000023af3fe0b78]
Event: 20242.865 Thread 0x0000023ac7348500 24900       3       jdk.internal.misc.Unsafe::compareAndExchangeByte (114 bytes)
Event: 20242.868 Thread 0x0000023ac7348500 nmethod 24900 0x0000023af3fe0d90 code [0x0000023af3fe0f60, 0x0000023af3fe12a0]
Event: 20242.939 Thread 0x0000023ac7348500 24901   !   3       java.nio.file.spi.FileSystemProvider::readAttributesIfExists (12 bytes)
Event: 20242.946 Thread 0x0000023ac7348500 nmethod 24901 0x0000023af3fe1390 code [0x0000023af3fe1540, 0x0000023af3fe1758]
Event: 20243.101 Thread 0x0000023a8486a730 24902       4       org.eclipse.core.internal.dtree.AbstractDataTreeNode::assembleWith (502 bytes)
Event: 20243.236 Thread 0x0000023ac7348500 24903  s    3       org.eclipse.core.internal.events.AutoBuildJob::build (219 bytes)
Event: 20243.302 Thread 0x0000023ac7348500 nmethod 24903 0x0000023af3fe1810 code [0x0000023af3fe1c60, 0x0000023af3fe35e0]
Event: 20243.409 Thread 0x0000023a8486a730 nmethod 24902 0x0000023afa4a3410 code [0x0000023afa4a3820, 0x0000023afa4a6918]

GC Heap History (20 events):
Event: 19003.650 GC heap before
{Heap before GC invocations=1881 (full 5):
 PSYoungGen      total 22528K, used 17508K [0x00000000d5580000, 0x00000000d7300000, 0x0000000100000000)
  eden space 15872K, 100% used [0x00000000d5580000,0x00000000d6500000,0x00000000d6500000)
  from space 6656K, 24% used [0x00000000d6980000,0x00000000d6b19138,0x00000000d7000000)
  to   space 3072K, 0% used [0x00000000d7000000,0x00000000d7000000,0x00000000d7300000)
 ParOldGen       total 1285120K, used 1284331K [0x0000000080000000, 0x00000000ce700000, 0x00000000d5580000)
  object space 1285120K, 99% used [0x0000000080000000,0x00000000ce63af30,0x00000000ce700000)
 Metaspace       used 90697K, committed 92352K, reserved 1179648K
  class space    used 9665K, committed 10432K, reserved 1048576K
}
Event: 19003.662 GC heap after
{Heap after GC invocations=1881 (full 5):
 PSYoungGen      total 17920K, used 1632K [0x00000000d5580000, 0x00000000d7200000, 0x0000000100000000)
  eden space 15872K, 0% used [0x00000000d5580000,0x00000000d5580000,0x00000000d6500000)
  from space 2048K, 79% used [0x00000000d7000000,0x00000000d7198100,0x00000000d7200000)
  to   space 2048K, 0% used [0x00000000d6e00000,0x00000000d6e00000,0x00000000d7000000)
 ParOldGen       total 1286144K, used 1285772K [0x0000000080000000, 0x00000000ce800000, 0x00000000d5580000)
  object space 1286144K, 99% used [0x0000000080000000,0x00000000ce7a31b0,0x00000000ce800000)
 Metaspace       used 90697K, committed 92352K, reserved 1179648K
  class space    used 9665K, committed 10432K, reserved 1048576K
}
Event: 19003.742 GC heap before
{Heap before GC invocations=1882 (full 5):
 PSYoungGen      total 17920K, used 17504K [0x00000000d5580000, 0x00000000d7200000, 0x0000000100000000)
  eden space 15872K, 100% used [0x00000000d5580000,0x00000000d6500000,0x00000000d6500000)
  from space 2048K, 79% used [0x00000000d7000000,0x00000000d7198100,0x00000000d7200000)
  to   space 2048K, 0% used [0x00000000d6e00000,0x00000000d6e00000,0x00000000d7000000)
 ParOldGen       total 1286144K, used 1285772K [0x0000000080000000, 0x00000000ce800000, 0x00000000d5580000)
  object space 1286144K, 99% used [0x0000000080000000,0x00000000ce7a31b0,0x00000000ce800000)
 Metaspace       used 90707K, committed 92352K, reserved 1179648K
  class space    used 9667K, committed 10432K, reserved 1048576K
}
Event: 19003.749 GC heap after
{Heap after GC invocations=1882 (full 5):
 PSYoungGen      total 17408K, used 1344K [0x00000000d5580000, 0x00000000d7080000, 0x0000000100000000)
  eden space 15872K, 0% used [0x00000000d5580000,0x00000000d5580000,0x00000000d6500000)
  from space 1536K, 87% used [0x00000000d6e00000,0x00000000d6f50020,0x00000000d6f80000)
  to   space 1024K, 0% used [0x00000000d6f80000,0x00000000d6f80000,0x00000000d7080000)
 ParOldGen       total 1287168K, used 1287152K [0x0000000080000000, 0x00000000ce900000, 0x00000000d5580000)
  object space 1287168K, 99% used [0x0000000080000000,0x00000000ce8fc080,0x00000000ce900000)
 Metaspace       used 90707K, committed 92352K, reserved 1179648K
  class space    used 9667K, committed 10432K, reserved 1048576K
}
Event: 19004.064 GC heap before
{Heap before GC invocations=1883 (full 5):
 PSYoungGen      total 17408K, used 17216K [0x00000000d5580000, 0x00000000d7080000, 0x0000000100000000)
  eden space 15872K, 100% used [0x00000000d5580000,0x00000000d6500000,0x00000000d6500000)
  from space 1536K, 87% used [0x00000000d6e00000,0x00000000d6f50020,0x00000000d6f80000)
  to   space 1024K, 0% used [0x00000000d6f80000,0x00000000d6f80000,0x00000000d7080000)
 ParOldGen       total 1287168K, used 1287152K [0x0000000080000000, 0x00000000ce900000, 0x00000000d5580000)
  object space 1287168K, 99% used [0x0000000080000000,0x00000000ce8fc080,0x00000000ce900000)
 Metaspace       used 90707K, committed 92352K, reserved 1179648K
  class space    used 9667K, committed 10432K, reserved 1048576K
}
Event: 19004.075 GC heap after
{Heap after GC invocations=1883 (full 5):
 PSYoungGen      total 16896K, used 1024K [0x00000000d5580000, 0x00000000d7080000, 0x0000000100000000)
  eden space 15872K, 0% used [0x00000000d5580000,0x00000000d5580000,0x00000000d6500000)
  from space 1024K, 100% used [0x00000000d6f80000,0x00000000d7080000,0x00000000d7080000)
  to   space 3584K, 0% used [0x00000000d6980000,0x00000000d6980000,0x00000000d6d00000)
 ParOldGen       total 1289728K, used 1289218K [0x0000000080000000, 0x00000000ceb80000, 0x00000000d5580000)
  object space 1289728K, 99% used [0x0000000080000000,0x00000000ceb00a50,0x00000000ceb80000)
 Metaspace       used 90707K, committed 92352K, reserved 1179648K
  class space    used 9667K, committed 10432K, reserved 1048576K
}
Event: 19004.176 GC heap before
{Heap before GC invocations=1884 (full 5):
 PSYoungGen      total 16896K, used 16896K [0x00000000d5580000, 0x00000000d7080000, 0x0000000100000000)
  eden space 15872K, 100% used [0x00000000d5580000,0x00000000d6500000,0x00000000d6500000)
  from space 1024K, 100% used [0x00000000d6f80000,0x00000000d7080000,0x00000000d7080000)
  to   space 3584K, 0% used [0x00000000d6980000,0x00000000d6980000,0x00000000d6d00000)
 ParOldGen       total 1289728K, used 1289218K [0x0000000080000000, 0x00000000ceb80000, 0x00000000d5580000)
  object space 1289728K, 99% used [0x0000000080000000,0x00000000ceb00a50,0x00000000ceb80000)
 Metaspace       used 90707K, committed 92352K, reserved 1179648K
  class space    used 9667K, committed 10432K, reserved 1048576K
}
Event: 19004.180 GC heap after
{Heap after GC invocations=1884 (full 5):
 PSYoungGen      total 19456K, used 1024K [0x00000000d5580000, 0x00000000d7000000, 0x0000000100000000)
  eden space 15872K, 0% used [0x00000000d5580000,0x00000000d5580000,0x00000000d6500000)
  from space 3584K, 28% used [0x00000000d6980000,0x00000000d6a80000,0x00000000d6d00000)
  to   space 2048K, 0% used [0x00000000d6e00000,0x00000000d6e00000,0x00000000d7000000)
 ParOldGen       total 1290752K, used 1290265K [0x0000000080000000, 0x00000000cec80000, 0x00000000d5580000)
  object space 1290752K, 99% used [0x0000000080000000,0x00000000cec064c0,0x00000000cec80000)
 Metaspace       used 90707K, committed 92352K, reserved 1179648K
  class space    used 9667K, committed 10432K, reserved 1048576K
}
Event: 19004.492 GC heap before
{Heap before GC invocations=1885 (full 5):
 PSYoungGen      total 19456K, used 16896K [0x00000000d5580000, 0x00000000d7000000, 0x0000000100000000)
  eden space 15872K, 100% used [0x00000000d5580000,0x00000000d6500000,0x00000000d6500000)
  from space 3584K, 28% used [0x00000000d6980000,0x00000000d6a80000,0x00000000d6d00000)
  to   space 2048K, 0% used [0x00000000d6e00000,0x00000000d6e00000,0x00000000d7000000)
 ParOldGen       total 1290752K, used 1290265K [0x0000000080000000, 0x00000000cec80000, 0x00000000d5580000)
  object space 1290752K, 99% used [0x0000000080000000,0x00000000cec064c0,0x00000000cec80000)
 Metaspace       used 90714K, committed 92352K, reserved 1179648K
  class space    used 9667K, committed 10432K, reserved 1048576K
}
Event: 19004.500 GC heap after
{Heap after GC invocations=1885 (full 5):
 PSYoungGen      total 17408K, used 1232K [0x00000000d5580000, 0x00000000d6f80000, 0x0000000100000000)
  eden space 15872K, 0% used [0x00000000d5580000,0x00000000d5580000,0x00000000d6500000)
  from space 1536K, 80% used [0x00000000d6e00000,0x00000000d6f34010,0x00000000d6f80000)
  to   space 1536K, 0% used [0x00000000d6c80000,0x00000000d6c80000,0x00000000d6e00000)
 ParOldGen       total 1291264K, used 1291165K [0x0000000080000000, 0x00000000ced00000, 0x00000000d5580000)
  object space 1291264K, 99% used [0x0000000080000000,0x00000000cece7510,0x00000000ced00000)
 Metaspace       used 90714K, committed 92352K, reserved 1179648K
  class space    used 9667K, committed 10432K, reserved 1048576K
}
Event: 19005.224 GC heap before
{Heap before GC invocations=1886 (full 5):
 PSYoungGen      total 17408K, used 17104K [0x00000000d5580000, 0x00000000d6f80000, 0x0000000100000000)
  eden space 15872K, 100% used [0x00000000d5580000,0x00000000d6500000,0x00000000d6500000)
  from space 1536K, 80% used [0x00000000d6e00000,0x00000000d6f34010,0x00000000d6f80000)
  to   space 1536K, 0% used [0x00000000d6c80000,0x00000000d6c80000,0x00000000d6e00000)
 ParOldGen       total 1291264K, used 1291165K [0x0000000080000000, 0x00000000ced00000, 0x00000000d5580000)
  object space 1291264K, 99% used [0x0000000080000000,0x00000000cece7510,0x00000000ced00000)
 Metaspace       used 90739K, committed 92416K, reserved 1179648K
  class space    used 9667K, committed 10432K, reserved 1048576K
}
Event: 19005.235 GC heap after
{Heap after GC invocations=1886 (full 5):
 PSYoungGen      total 17408K, used 1536K [0x00000000d5580000, 0x00000000d6e80000, 0x0000000100000000)
  eden space 15872K, 0% used [0x00000000d5580000,0x00000000d5580000,0x00000000d6500000)
  from space 1536K, 100% used [0x00000000d6c80000,0x00000000d6e00000,0x00000000d6e00000)
  to   space 512K, 0% used [0x00000000d6e00000,0x00000000d6e00000,0x00000000d6e80000)
 ParOldGen       total 1293312K, used 1293177K [0x0000000080000000, 0x00000000cef00000, 0x00000000d5580000)
  object space 1293312K, 99% used [0x0000000080000000,0x00000000ceede5a0,0x00000000cef00000)
 Metaspace       used 90739K, committed 92416K, reserved 1179648K
  class space    used 9667K, committed 10432K, reserved 1048576K
}
Event: 19005.562 GC heap before
{Heap before GC invocations=1887 (full 5):
 PSYoungGen      total 17408K, used 17408K [0x00000000d5580000, 0x00000000d6e80000, 0x0000000100000000)
  eden space 15872K, 100% used [0x00000000d5580000,0x00000000d6500000,0x00000000d6500000)
  from space 1536K, 100% used [0x00000000d6c80000,0x00000000d6e00000,0x00000000d6e00000)
  to   space 512K, 0% used [0x00000000d6e00000,0x00000000d6e00000,0x00000000d6e80000)
 ParOldGen       total 1293312K, used 1293177K [0x0000000080000000, 0x00000000cef00000, 0x00000000d5580000)
  object space 1293312K, 99% used [0x0000000080000000,0x00000000ceede5a0,0x00000000cef00000)
 Metaspace       used 90772K, committed 92416K, reserved 1179648K
  class space    used 9667K, committed 10432K, reserved 1048576K
}
Event: 19005.576 GC heap after
{Heap after GC invocations=1887 (full 5):
 PSYoungGen      total 16384K, used 512K [0x00000000d5580000, 0x00000000d6e80000, 0x0000000100000000)
  eden space 15872K, 0% used [0x00000000d5580000,0x00000000d5580000,0x00000000d6500000)
  from space 512K, 100% used [0x00000000d6e00000,0x00000000d6e80000,0x00000000d6e80000)
  to   space 4096K, 0% used [0x00000000d6680000,0x00000000d6680000,0x00000000d6a80000)
 ParOldGen       total 1296896K, used 1296421K [0x0000000080000000, 0x00000000cf280000, 0x00000000d5580000)
  object space 1296896K, 99% used [0x0000000080000000,0x00000000cf209790,0x00000000cf280000)
 Metaspace       used 90772K, committed 92416K, reserved 1179648K
  class space    used 9667K, committed 10432K, reserved 1048576K
}
Event: 19005.988 GC heap before
{Heap before GC invocations=1888 (full 5):
 PSYoungGen      total 16384K, used 16384K [0x00000000d5580000, 0x00000000d6e80000, 0x0000000100000000)
  eden space 15872K, 100% used [0x00000000d5580000,0x00000000d6500000,0x00000000d6500000)
  from space 512K, 100% used [0x00000000d6e00000,0x00000000d6e80000,0x00000000d6e80000)
  to   space 4096K, 0% used [0x00000000d6680000,0x00000000d6680000,0x00000000d6a80000)
 ParOldGen       total 1296896K, used 1296421K [0x0000000080000000, 0x00000000cf280000, 0x00000000d5580000)
  object space 1296896K, 99% used [0x0000000080000000,0x00000000cf209790,0x00000000cf280000)
 Metaspace       used 90835K, committed 92480K, reserved 1179648K
  class space    used 9667K, committed 10432K, reserved 1048576K
}
Event: 19006.030 GC heap after
{Heap after GC invocations=1888 (full 5):
 PSYoungGen      total 19968K, used 2528K [0x00000000d5580000, 0x00000000d6e80000, 0x0000000100000000)
  eden space 15872K, 0% used [0x00000000d5580000,0x00000000d5580000,0x00000000d6500000)
  from space 4096K, 61% used [0x00000000d6680000,0x00000000d68f8030,0x00000000d6a80000)
  to   space 3072K, 0% used [0x00000000d6b80000,0x00000000d6b80000,0x00000000d6e80000)
 ParOldGen       total 1297408K, used 1296949K [0x0000000080000000, 0x00000000cf300000, 0x00000000d5580000)
  object space 1297408K, 99% used [0x0000000080000000,0x00000000cf28d690,0x00000000cf300000)
 Metaspace       used 90835K, committed 92480K, reserved 1179648K
  class space    used 9667K, committed 10432K, reserved 1048576K
}
Event: 19006.912 GC heap before
{Heap before GC invocations=1889 (full 5):
 PSYoungGen      total 19968K, used 18197K [0x00000000d5580000, 0x00000000d6e80000, 0x0000000100000000)
  eden space 15872K, 98% used [0x00000000d5580000,0x00000000d64cd698,0x00000000d6500000)
  from space 4096K, 61% used [0x00000000d6680000,0x00000000d68f8030,0x00000000d6a80000)
  to   space 3072K, 0% used [0x00000000d6b80000,0x00000000d6b80000,0x00000000d6e80000)
 ParOldGen       total 1297408K, used 1296949K [0x0000000080000000, 0x00000000cf300000, 0x00000000d5580000)
  object space 1297408K, 99% used [0x0000000080000000,0x00000000cf28d690,0x00000000cf300000)
 Metaspace       used 90881K, committed 92544K, reserved 1179648K
  class space    used 9667K, committed 10432K, reserved 1048576K
}
Event: 19006.962 GC heap after
{Heap after GC invocations=1889 (full 5):
 PSYoungGen      total 18944K, used 3051K [0x00000000d5580000, 0x00000000d7200000, 0x0000000100000000)
  eden space 15872K, 0% used [0x00000000d5580000,0x00000000d5580000,0x00000000d6500000)
  from space 3072K, 99% used [0x00000000d6b80000,0x00000000d6e7ad80,0x00000000d6e80000)
  to   space 6656K, 0% used [0x00000000d6500000,0x00000000d6500000,0x00000000d6b80000)
 ParOldGen       total 1299968K, used 1299801K [0x0000000080000000, 0x00000000cf580000, 0x00000000d5580000)
  object space 1299968K, 99% used [0x0000000080000000,0x00000000cf556628,0x00000000cf580000)
 Metaspace       used 90881K, committed 92544K, reserved 1179648K
  class space    used 9667K, committed 10432K, reserved 1048576K
}
Event: 19424.746 GC heap before
{Heap before GC invocations=1890 (full 5):
 PSYoungGen      total 18944K, used 18923K [0x00000000d5580000, 0x00000000d7200000, 0x0000000100000000)
  eden space 15872K, 100% used [0x00000000d5580000,0x00000000d6500000,0x00000000d6500000)
  from space 3072K, 99% used [0x00000000d6b80000,0x00000000d6e7ad80,0x00000000d6e80000)
  to   space 6656K, 0% used [0x00000000d6500000,0x00000000d6500000,0x00000000d6b80000)
 ParOldGen       total 1299968K, used 1299801K [0x0000000080000000, 0x00000000cf580000, 0x00000000d5580000)
  object space 1299968K, 99% used [0x0000000080000000,0x00000000cf556628,0x00000000cf580000)
 Metaspace       used 90921K, committed 92608K, reserved 1179648K
  class space    used 9667K, committed 10432K, reserved 1048576K
}
Event: 19427.130 GC heap after
{Heap after GC invocations=1890 (full 5):
 PSYoungGen      total 16896K, used 992K [0x00000000d5580000, 0x00000000d6c00000, 0x0000000100000000)
  eden space 15872K, 0% used [0x00000000d5580000,0x00000000d5580000,0x00000000d6500000)
  from space 1024K, 96% used [0x00000000d6500000,0x00000000d65f8000,0x00000000d6600000)
  to   space 3072K, 0% used [0x00000000d6900000,0x00000000d6900000,0x00000000d6c00000)
 ParOldGen       total 1301504K, used 1301153K [0x0000000080000000, 0x00000000cf700000, 0x00000000d5580000)
  object space 1301504K, 99% used [0x0000000080000000,0x00000000cf6a8638,0x00000000cf700000)
 Metaspace       used 90921K, committed 92608K, reserved 1179648K
  class space    used 9667K, committed 10432K, reserved 1048576K
}

Dll operation events (13 events):
Event: 0.017 Loaded shared library c:\Users\JUNEMO\.vscode\extensions\redhat.java-1.51.0-win32-x64\jre\21.0.9-win32-x86_64\bin\java.dll
Event: 0.208 Loaded shared library c:\Users\JUNEMO\.vscode\extensions\redhat.java-1.51.0-win32-x64\jre\21.0.9-win32-x86_64\bin\zip.dll
Event: 0.448 Loaded shared library C:\Users\JUNEMO\.vscode\extensions\redhat.java-1.51.0-win32-x64\jre\21.0.9-win32-x86_64\bin\instrument.dll
Event: 0.461 Loaded shared library C:\Users\JUNEMO\.vscode\extensions\redhat.java-1.51.0-win32-x64\jre\21.0.9-win32-x86_64\bin\net.dll
Event: 0.474 Loaded shared library C:\Users\JUNEMO\.vscode\extensions\redhat.java-1.51.0-win32-x64\jre\21.0.9-win32-x86_64\bin\nio.dll
Event: 0.482 Loaded shared library C:\Users\JUNEMO\.vscode\extensions\redhat.java-1.51.0-win32-x64\jre\21.0.9-win32-x86_64\bin\zip.dll
Event: 0.593 Loaded shared library C:\Users\JUNEMO\.vscode\extensions\redhat.java-1.51.0-win32-x64\jre\21.0.9-win32-x86_64\bin\jimage.dll
Event: 0.840 Loaded shared library c:\Users\JUNEMO\.vscode\extensions\redhat.java-1.51.0-win32-x64\jre\21.0.9-win32-x86_64\bin\verify.dll
Event: 5.866 Loaded shared library C:\Users\JUNEMO\AppData\Roaming\Code\User\globalStorage\redhat.java\1.51.0\config_win\org.eclipse.equinox.launcher\org.eclipse.equinox.launcher.win32.win32.x86_64_1.2.1400.v20250801-0854\eclipse_11916.dll
Event: 13.560 Loaded shared library C:\Users\JUNEMO\AppData\Local\Temp\jna--2095518364\jna6329936301803610173.dll
Event: 46.982 Loaded shared library C:\Users\JUNEMO\.gradle\native\660c5614fbf4a5f2a75b1949f50a0caf5cd603558e7d8a26e50b933a0cfb79d1\windows-amd64\native-platform.dll
Event: 53.740 Loaded shared library C:\Users\JUNEMO\.vscode\extensions\redhat.java-1.51.0-win32-x64\jre\21.0.9-win32-x86_64\bin\management.dll
Event: 53.769 Loaded shared library C:\Users\JUNEMO\.vscode\extensions\redhat.java-1.51.0-win32-x64\jre\21.0.9-win32-x86_64\bin\management_ext.dll

Deoptimization events (20 events):
Event: 19303.700 Thread 0x0000023acef11490 Uncommon trap: reason=unstable_if action=reinterpret pc=0x0000023af9801bd8 method=java.util.concurrent.locks.AbstractQueuedSynchronizer.acquire(Ljava/util/concurrent/locks/AbstractQueuedSynchronizer$Node;IZZZJ)I @ 49 c2
Event: 19303.700 Thread 0x0000023acef121b0 Uncommon trap: reason=unstable_if action=reinterpret pc=0x0000023af9801bd8 method=java.util.concurrent.locks.AbstractQueuedSynchronizer.acquire(Ljava/util/concurrent/locks/AbstractQueuedSynchronizer$Node;IZZZJ)I @ 49 c2
Event: 19303.701 Thread 0x0000023acef10770 DEOPT PACKING pc=0x0000023af9801bd8 sp=0x0000004007ffeb10
Event: 19303.701 Thread 0x0000023acef121b0 DEOPT PACKING pc=0x0000023af9801bd8 sp=0x0000004007dfed40
Event: 19303.702 Thread 0x0000023acef11490 DEOPT PACKING pc=0x0000023af9801bd8 sp=0x0000004007cfede0
Event: 19303.702 Thread 0x0000023acef10770 DEOPT UNPACKING pc=0x0000023af8403aa2 sp=0x0000004007ffeaa0 mode 2
Event: 19303.703 Thread 0x0000023acef121b0 DEOPT UNPACKING pc=0x0000023af8403aa2 sp=0x0000004007dfecd0 mode 2
Event: 19303.704 Thread 0x0000023acef11490 DEOPT UNPACKING pc=0x0000023af8403aa2 sp=0x0000004007cfed70 mode 2
Event: 19303.709 Thread 0x0000023acef11490 Uncommon trap: trap_request=0xffffff45 fr.pc=0x0000023afa032c08 relative=0x0000000000000168
Event: 19303.709 Thread 0x0000023acef10770 Uncommon trap: trap_request=0xffffff45 fr.pc=0x0000023afa032c08 relative=0x0000000000000168
Event: 19303.709 Thread 0x0000023acef121b0 Uncommon trap: trap_request=0xffffff45 fr.pc=0x0000023afa032c08 relative=0x0000000000000168
Event: 19303.709 Thread 0x0000023acef11490 Uncommon trap: reason=unstable_if action=reinterpret pc=0x0000023afa032c08 method=java.util.concurrent.locks.AbstractQueuedSynchronizer.tryInitializeHead()Ljava/util/concurrent/locks/AbstractQueuedSynchronizer$Node; @ 56 c2
Event: 19303.709 Thread 0x0000023acef10770 Uncommon trap: reason=unstable_if action=reinterpret pc=0x0000023afa032c08 method=java.util.concurrent.locks.AbstractQueuedSynchronizer.tryInitializeHead()Ljava/util/concurrent/locks/AbstractQueuedSynchronizer$Node; @ 56 c2
Event: 19303.709 Thread 0x0000023acef10770 DEOPT PACKING pc=0x0000023afa032c08 sp=0x0000004007ffec80
Event: 19303.709 Thread 0x0000023acef121b0 Uncommon trap: reason=unstable_if action=reinterpret pc=0x0000023afa032c08 method=java.util.concurrent.locks.AbstractQueuedSynchronizer.tryInitializeHead()Ljava/util/concurrent/locks/AbstractQueuedSynchronizer$Node; @ 56 c2
Event: 19303.709 Thread 0x0000023acef121b0 DEOPT PACKING pc=0x0000023afa032c08 sp=0x0000004007dfeeb0
Event: 19303.709 Thread 0x0000023acef11490 DEOPT PACKING pc=0x0000023afa032c08 sp=0x0000004007cfef50
Event: 19303.709 Thread 0x0000023acef10770 DEOPT UNPACKING pc=0x0000023af8403aa2 sp=0x0000004007ffec08 mode 2
Event: 19303.710 Thread 0x0000023acef121b0 DEOPT UNPACKING pc=0x0000023af8403aa2 sp=0x0000004007dfee38 mode 2
Event: 19303.713 Thread 0x0000023acef11490 DEOPT UNPACKING pc=0x0000023af8403aa2 sp=0x0000004007cfeed8 mode 2

Classes loaded (20 events):
Event: 10575.682 Loading class java/util/stream/ReduceOps$CountingSink$OfRef
Event: 10575.685 Loading class java/util/stream/ReduceOps$CountingSink
Event: 10575.691 Loading class java/util/stream/ReduceOps$CountingSink done
Event: 10575.691 Loading class java/util/stream/ReduceOps$CountingSink$OfRef done
Event: 10575.886 Loading class jdk/internal/module/IllegalAccessLogger
Event: 10575.886 Loading class jdk/internal/module/IllegalAccessLogger done
Event: 16091.938 Loading class java/util/ArrayDeque$DeqSpliterator
Event: 16092.101 Loading class java/util/ArrayDeque$DeqSpliterator done
Event: 16427.434 Loading class jdk/internal/module/IllegalAccessLogger
Event: 16427.436 Loading class jdk/internal/module/IllegalAccessLogger done
Event: 16427.565 Loading class java/util/concurrent/ConcurrentHashMap$KeySpliterator
Event: 16427.601 Loading class java/util/concurrent/ConcurrentHashMap$KeySpliterator done
Event: 16432.223 Loading class jdk/internal/module/IllegalAccessLogger
Event: 16432.228 Loading class jdk/internal/module/IllegalAccessLogger done
Event: 18138.771 Loading class jdk/internal/module/IllegalAccessLogger
Event: 18138.775 Loading class jdk/internal/module/IllegalAccessLogger done
Event: 19004.545 Loading class jdk/internal/module/IllegalAccessLogger
Event: 19004.549 Loading class jdk/internal/module/IllegalAccessLogger done
Event: 19007.349 Loading class jdk/internal/module/IllegalAccessLogger
Event: 19007.351 Loading class jdk/internal/module/IllegalAccessLogger done

Classes unloaded (20 events):
Event: 6232.023 Thread 0x0000023a84851b70 Unloading class 0x0000023a86004800 'java/lang/invoke/LambdaForm$DMH+0x0000023a86004800'
Event: 6232.023 Thread 0x0000023a84851b70 Unloading class 0x0000023a86002400 'java/lang/invoke/LambdaForm$MH+0x0000023a86002400'
Event: 6232.023 Thread 0x0000023a84851b70 Unloading class 0x0000023a86002000 'java/lang/invoke/LambdaForm$MH+0x0000023a86002000'
Event: 6232.023 Thread 0x0000023a84851b70 Unloading class 0x0000023a86001800 'java/lang/invoke/LambdaForm$MH+0x0000023a86001800'
Event: 6232.023 Thread 0x0000023a84851b70 Unloading class 0x0000023a86000400 'java/lang/invoke/LambdaForm$MH+0x0000023a86000400'
Event: 10400.595 Thread 0x0000023a84851b70 Unloading class 0x0000023a86170000 'java/lang/invoke/LambdaForm$MH+0x0000023a86170000'
Event: 10400.595 Thread 0x0000023a84851b70 Unloading class 0x0000023a86171c00 'java/lang/invoke/LambdaForm$MH+0x0000023a86171c00'
Event: 10400.596 Thread 0x0000023a84851b70 Unloading class 0x0000023a86172000 'java/lang/invoke/LambdaForm$MH+0x0000023a86172000'
Event: 10400.596 Thread 0x0000023a84851b70 Unloading class 0x0000023a86185000 'java/lang/invoke/LambdaForm$MH+0x0000023a86185000'
Event: 10400.596 Thread 0x0000023a84851b70 Unloading class 0x0000023a86185800 'java/lang/invoke/LambdaForm$MH+0x0000023a86185800'
Event: 10400.597 Thread 0x0000023a84851b70 Unloading class 0x0000023a86231000 'java/lang/invoke/LambdaForm$MH+0x0000023a86231000'
Event: 10400.597 Thread 0x0000023a84851b70 Unloading class 0x0000023a86233400 'java/lang/invoke/LambdaForm$MH+0x0000023a86233400'
Event: 10400.597 Thread 0x0000023a84851b70 Unloading class 0x0000023a86239000 'java/lang/invoke/LambdaForm$MH+0x0000023a86239000'
Event: 10400.597 Thread 0x0000023a84851b70 Unloading class 0x0000023a86261400 'java/lang/invoke/LambdaForm$MH+0x0000023a86261400'
Event: 10400.597 Thread 0x0000023a84851b70 Unloading class 0x0000023a86262000 'java/lang/invoke/LambdaForm$MH+0x0000023a86262000'
Event: 10400.597 Thread 0x0000023a84851b70 Unloading class 0x0000023a86262c00 'java/lang/invoke/LambdaForm$MH+0x0000023a86262c00'
Event: 10400.599 Thread 0x0000023a84851b70 Unloading class 0x0000023a864eb000 'java/lang/invoke/LambdaForm$MH+0x0000023a864eb000'
Event: 10400.599 Thread 0x0000023a84851b70 Unloading class 0x0000023a86588000 'java/lang/invoke/LambdaForm$BMH+0x0000023a86588000'
Event: 10400.602 Thread 0x0000023a84851b70 Unloading class 0x0000023a865b0400 'java/lang/invoke/LambdaForm$MH+0x0000023a865b0400'
Event: 10400.604 Thread 0x0000023a84851b70 Unloading class 0x0000023a8669c000 'java/lang/invoke/LambdaForm$MH+0x0000023a8669c000'

Classes redefined (0 events):
No events

Internal exceptions (20 events):
Event: 18997.998 Thread 0x0000023acef0c5d0 Exception <a 'sun/nio/fs/WindowsException'{0x00000000d5ebca98}> (0x00000000d5ebca98) 
thrown [s\src\hotspot\share\prims\jni.cpp, line 520]
Event: 18998.009 Thread 0x0000023acef0c5d0 Exception <a 'sun/nio/fs/WindowsException'{0x00000000d5ebe7a8}> (0x00000000d5ebe7a8) 
thrown [s\src\hotspot\share\prims\jni.cpp, line 520]
Event: 18998.011 Thread 0x0000023acef0ed30 Exception <a 'sun/nio/fs/WindowsException'{0x00000000d5eb3768}> (0x00000000d5eb3768) 
thrown [s\src\hotspot\share\prims\jni.cpp, line 520]
Event: 18998.017 Thread 0x0000023acef0c5d0 Exception <a 'sun/nio/fs/WindowsException'{0x00000000d5ec13d8}> (0x00000000d5ec13d8) 
thrown [s\src\hotspot\share\prims\jni.cpp, line 520]
Event: 18998.098 Thread 0x0000023ad995d780 Exception <a 'sun/nio/fs/WindowsException'{0x00000000d5edcfa0}> (0x00000000d5edcfa0) 
thrown [s\src\hotspot\share\prims\jni.cpp, line 520]
Event: 19006.086 Thread 0x0000023ad995b020 Implicit null exception at 0x0000023afa46d415 to 0x0000023afa46d588
Event: 19006.796 Thread 0x0000023ad995d780 Exception <a 'sun/nio/fs/WindowsException'{0x00000000d62e7c60}> (0x00000000d62e7c60) 
thrown [s\src\hotspot\share\prims\jni.cpp, line 520]
Event: 19006.802 Thread 0x0000023acef0d2f0 Exception <a 'sun/nio/fs/WindowsException'{0x00000000d62ea598}> (0x00000000d62ea598) 
thrown [s\src\hotspot\share\prims\jni.cpp, line 520]
Event: 19006.805 Thread 0x0000023acef0d2f0 Exception <a 'sun/nio/fs/WindowsException'{0x00000000d62eb258}> (0x00000000d62eb258) 
thrown [s\src\hotspot\share\prims\jni.cpp, line 520]
Event: 19006.886 Thread 0x0000023ad995d780 Implicit null exception at 0x0000023afa430694 to 0x0000023afa4317f0
Event: 19007.261 Thread 0x0000023ad995d780 Implicit null exception at 0x0000023afa459c60 to 0x0000023afa459d88
Event: 19007.265 Thread 0x0000023ad995d780 Implicit null exception at 0x0000023afa3ead77 to 0x0000023afa3eae1d
Event: 19007.627 Thread 0x0000023ad995d780 Exception <a 'sun/nio/fs/WindowsException'{0x00000000d5d5c570}> (0x00000000d5d5c570) 
thrown [s\src\hotspot\share\prims\jni.cpp, line 520]
Event: 19007.632 Thread 0x0000023ad995d780 Exception <a 'sun/nio/fs/WindowsException'{0x00000000d5d5cba8}> (0x00000000d5d5cba8) 
thrown [s\src\hotspot\share\prims\jni.cpp, line 520]
Event: 19092.792 Thread 0x0000023acef11b20 Exception <a 'sun/nio/fs/WindowsException'{0x00000000d5f60d00}> (0x00000000d5f60d00) 
thrown [s\src\hotspot\share\prims\jni.cpp, line 520]
Event: 19092.798 Thread 0x0000023acef11b20 Exception <a 'sun/nio/fs/WindowsException'{0x00000000d5f61608}> (0x00000000d5f61608) 
thrown [s\src\hotspot\share\prims\jni.cpp, line 520]
Event: 19648.707 Thread 0x0000023ad995d780 Exception <a 'sun/nio/fs/WindowsException'{0x00000000d5675f28}> (0x00000000d5675f28) 
thrown [s\src\hotspot\share\prims\jni.cpp, line 520]
Event: 19648.715 Thread 0x0000023ad995d780 Exception <a 'sun/nio/fs/WindowsException'{0x00000000d5676810}> (0x00000000d5676810) 
thrown [s\src\hotspot\share\prims\jni.cpp, line 520]
Event: 20242.929 Thread 0x0000023acef11b20 Exception <a 'sun/nio/fs/WindowsException'{0x00000000d5f8e050}> (0x00000000d5f8e050) 
thrown [s\src\hotspot\share\prims\jni.cpp, line 520]
Event: 20242.938 Thread 0x0000023acef11b20 Exception <a 'sun/nio/fs/WindowsException'{0x00000000d5f8eb78}> (0x00000000d5f8eb78) 
thrown [s\src\hotspot\share\prims\jni.cpp, line 520]

ZGC Phase Switch (0 events):
No events

VM Operations (20 events):
Event: 20685.522 Executing VM operation: HandshakeAllThreads (HandshakeForDeflation)
Event: 20685.585 Executing VM operation: HandshakeAllThreads (HandshakeForDeflation) done
Event: 20685.594 Executing VM operation: RendezvousGCThreads
Event: 20685.599 Executing VM operation: RendezvousGCThreads done
Event: 20745.646 Executing VM operation: HandshakeAllThreads (HandshakeForDeflation)
Event: 20745.762 Executing VM operation: HandshakeAllThreads (HandshakeForDeflation) done
Event: 20745.763 Executing VM operation: RendezvousGCThreads
Event: 20745.764 Executing VM operation: RendezvousGCThreads done
Event: 20805.818 Executing VM operation: HandshakeAllThreads (HandshakeForDeflation)
Event: 20805.820 Executing VM operation: HandshakeAllThreads (HandshakeForDeflation) done
Event: 20805.820 Executing VM operation: RendezvousGCThreads
Event: 20805.821 Executing VM operation: RendezvousGCThreads done
Event: 20865.973 Executing VM operation: HandshakeAllThreads (HandshakeForDeflation)
Event: 20865.983 Executing VM operation: HandshakeAllThreads (HandshakeForDeflation) done
Event: 20865.983 Executing VM operation: RendezvousGCThreads
Event: 20865.983 Executing VM operation: RendezvousGCThreads done
Event: 20926.081 Executing VM operation: HandshakeAllThreads (HandshakeForDeflation)
Event: 20926.081 Executing VM operation: HandshakeAllThreads (HandshakeForDeflation) done
Event: 20926.081 Executing VM operation: RendezvousGCThreads
Event: 20926.081 Executing VM operation: RendezvousGCThreads done

Memory protections (0 events):
No events

Nmethod flushes (20 events):
Event: 10403.100 Thread 0x0000023a84851b70 flushing  nmethod 0x0000023af2cfc090
Event: 10403.101 Thread 0x0000023a84851b70 flushing  nmethod 0x0000023af2d35c10
Event: 10403.101 Thread 0x0000023a84851b70 flushing  nmethod 0x0000023af2d53610
Event: 10403.101 Thread 0x0000023a84851b70 flushing  nmethod 0x0000023af2d54690
Event: 10403.101 Thread 0x0000023a84851b70 flushing  nmethod 0x0000023af2d54b10
Event: 10403.101 Thread 0x0000023a84851b70 flushing  nmethod 0x0000023af2e32b90
Event: 10403.101 Thread 0x0000023a84851b70 flushing  nmethod 0x0000023af2e7f690
Event: 10403.102 Thread 0x0000023a84851b70 flushing  nmethod 0x0000023af2e8dc10
Event: 10403.102 Thread 0x0000023a84851b70 flushing  nmethod 0x0000023af2e8e510
Event: 10403.102 Thread 0x0000023a84851b70 flushing  nmethod 0x0000023af2e90810
Event: 10403.102 Thread 0x0000023a84851b70 flushing  nmethod 0x0000023af2ea7910
Event: 10403.102 Thread 0x0000023a84851b70 flushing  nmethod 0x0000023af2eaa610
Event: 10403.102 Thread 0x0000023a84851b70 flushing  nmethod 0x0000023af2eaaa90
Event: 10403.102 Thread 0x0000023a84851b70 flushing  nmethod 0x0000023af2eaba90
Event: 10403.102 Thread 0x0000023a84851b70 flushing  nmethod 0x0000023af2ed7f90
Event: 10403.102 Thread 0x0000023a84851b70 flushing  nmethod 0x0000023af2f3a390
Event: 10403.102 Thread 0x0000023a84851b70 flushing  nmethod 0x0000023af3019110
Event: 10403.102 Thread 0x0000023a84851b70 flushing  nmethod 0x0000023af3090e90
Event: 10403.102 Thread 0x0000023a84851b70 flushing osr nmethod 0x0000023af310c690
Event: 10403.102 Thread 0x0000023a84851b70 flushing  nmethod 0x0000023af31adf10

Events (20 events):
Event: 19306.320 Thread 0x0000023acc3bc470 Thread exited: 0x0000023acc3bc470
Event: 19306.367 Thread 0x0000023acd79d590 Thread exited: 0x0000023acd79d590
Event: 19306.386 Thread 0x0000023acc1dc0b0 Thread exited: 0x0000023acc1dc0b0
Event: 19306.387 Thread 0x0000023acc34b790 Thread exited: 0x0000023acc34b790
Event: 19306.886 Thread 0x0000023acef0fa50 Thread exited: 0x0000023acef0fa50
Event: 19306.973 Thread 0x0000023acef0f3c0 Thread exited: 0x0000023acef0f3c0
Event: 19307.471 Thread 0x0000023ad995c3d0 Thread exited: 0x0000023ad995c3d0
Event: 19367.014 Thread 0x0000023acef0cc60 Thread exited: 0x0000023acef0cc60
Event: 19427.148 Thread 0x0000023acef0d980 Thread exited: 0x0000023acef0d980
Event: 19427.152 Thread 0x0000023acef11b20 Thread added: 0x0000023acef0b8b0
Event: 19487.163 Thread 0x0000023acef0ed30 Thread exited: 0x0000023acef0ed30
Event: 19547.164 Thread 0x0000023acef0b8b0 Thread exited: 0x0000023acef0b8b0
Event: 19648.571 Thread 0x0000023ad995d780 Thread added: 0x0000023acef0ed30
Event: 19648.612 Thread 0x0000023acef0ed30 Thread exited: 0x0000023acef0ed30
Event: 19648.739 Thread 0x0000023ad995d780 Thread added: 0x0000023acef0f3c0
Event: 19648.742 Thread 0x0000023acef0f3c0 Thread exited: 0x0000023acef0f3c0
Event: 20242.789 Thread 0x0000023acef11b20 Thread added: 0x0000023acef12840
Event: 20242.829 Thread 0x0000023acef12840 Thread exited: 0x0000023acef12840
Event: 20242.968 Thread 0x0000023acef11b20 Thread added: 0x0000023acef121b0
Event: 20242.972 Thread 0x0000023acef121b0 Thread exited: 0x0000023acef121b0


Dynamic libraries:
0x00007ff6e1370000 - 0x00007ff6e137e000 	c:\Users\JUNEMO\.vscode\extensions\redhat.java-1.51.0-win32-x64\jre\21.0.9-win32-x86_64\bin\java.exe
0x00007ffbb2810000 - 0x00007ffbb2a08000 	C:\Windows\SYSTEM32\ntdll.dll
0x00007ffbb0e20000 - 0x00007ffbb0ee2000 	C:\Windows\System32\KERNEL32.DLL
0x00007ffbb0020000 - 0x00007ffbb0316000 	C:\Windows\System32\KERNELBASE.dll
0x00007ffbafed0000 - 0x00007ffbaffd0000 	C:\Windows\System32\ucrtbase.dll
0x00007ffb7a0d0000 - 0x00007ffb7a0e8000 	c:\Users\JUNEMO\.vscode\extensions\redhat.java-1.51.0-win32-x64\jre\21.0.9-win32-x86_64\bin\jli.dll
0x00007ffb7c870000 - 0x00007ffb7c88e000 	c:\Users\JUNEMO\.vscode\extensions\redhat.java-1.51.0-win32-x64\jre\21.0.9-win32-x86_64\bin\VCRUNTIME140.dll
0x00007ffbb0890000 - 0x00007ffbb0a31000 	C:\Windows\System32\USER32.dll
0x00007ffba8060000 - 0x00007ffba82fb000 	C:\Windows\WinSxS\amd64_microsoft.windows.common-controls_6595b64144ccf1df_6.0.19041.6456_none_60b8a6cb71f64256\COMCTL32.dll
0x00007ffbb06e0000 - 0x00007ffbb0702000 	C:\Windows\System32\win32u.dll
0x00007ffbb2730000 - 0x00007ffbb27ce000 	C:\Windows\System32\msvcrt.dll
0x00007ffbb2700000 - 0x00007ffbb272b000 	C:\Windows\System32\GDI32.dll
0x00007ffbb0710000 - 0x00007ffbb0829000 	C:\Windows\System32\gdi32full.dll
0x00007ffbb0590000 - 0x00007ffbb062d000 	C:\Windows\System32\msvcp_win.dll
0x00007ffbb1d10000 - 0x00007ffbb1d3f000 	C:\Windows\System32\IMM32.DLL
0x00007ffb8eb20000 - 0x00007ffb8eb2c000 	c:\Users\JUNEMO\.vscode\extensions\redhat.java-1.51.0-win32-x64\jre\21.0.9-win32-x86_64\bin\vcruntime140_1.dll
0x00007ffb3fd80000 - 0x00007ffb3fe0d000 	c:\Users\JUNEMO\.vscode\extensions\redhat.java-1.51.0-win32-x64\jre\21.0.9-win32-x86_64\bin\msvcp140.dll
0x00007ffb378c0000 - 0x00007ffb38660000 	c:\Users\JUNEMO\.vscode\extensions\redhat.java-1.51.0-win32-x64\jre\21.0.9-win32-x86_64\bin\server\jvm.dll
0x00007ffbb0ce0000 - 0x00007ffbb0d91000 	C:\Windows\System32\ADVAPI32.dll
0x00007ffbb1140000 - 0x00007ffbb11df000 	C:\Windows\System32\sechost.dll
0x00007ffbb1340000 - 0x00007ffbb1460000 	C:\Windows\System32\RPCRT4.dll
0x00007ffbafea0000 - 0x00007ffbafec7000 	C:\Windows\System32\bcrypt.dll
0x00007ffbb12c0000 - 0x00007ffbb132b000 	C:\Windows\System32\WS2_32.dll
0x00007ffbaf420000 - 0x00007ffbaf46b000 	C:\Windows\SYSTEM32\POWRPROF.dll
0x00007ffba66a0000 - 0x00007ffba66c7000 	C:\Windows\SYSTEM32\WINMM.dll
0x00007ffbab770000 - 0x00007ffbab77a000 	C:\Windows\SYSTEM32\VERSION.dll
0x00007ffbaf2a0000 - 0x00007ffbaf2b2000 	C:\Windows\SYSTEM32\UMPDC.dll
0x00007ffbadd10000 - 0x00007ffbadd22000 	C:\Windows\SYSTEM32\kernel.appcore.dll
0x00007ffb8cf00000 - 0x00007ffb8cf0a000 	c:\Users\JUNEMO\.vscode\extensions\redhat.java-1.51.0-win32-x64\jre\21.0.9-win32-x86_64\bin\jimage.dll
0x00007ffba8300000 - 0x00007ffba8501000 	C:\Windows\SYSTEM32\DBGHELP.DLL
0x00007ffba89d0000 - 0x00007ffba8a04000 	C:\Windows\SYSTEM32\dbgcore.DLL
0x00007ffbb03a0000 - 0x00007ffbb0422000 	C:\Windows\System32\bcryptPrimitives.dll
0x00007ffb8d3c0000 - 0x00007ffb8d3cf000 	c:\Users\JUNEMO\.vscode\extensions\redhat.java-1.51.0-win32-x64\jre\21.0.9-win32-x86_64\bin\instrument.dll
0x00007ffb74100000 - 0x00007ffb74120000 	c:\Users\JUNEMO\.vscode\extensions\redhat.java-1.51.0-win32-x64\jre\21.0.9-win32-x86_64\bin\java.dll
0x00007ffbb1460000 - 0x00007ffbb1bd0000 	C:\Windows\System32\SHELL32.dll
0x00007ffbadf10000 - 0x00007ffbae6b5000 	C:\Windows\SYSTEM32\windows.storage.dll
0x00007ffbb1da0000 - 0x00007ffbb20f4000 	C:\Windows\System32\combase.dll
0x00007ffbaf8d0000 - 0x00007ffbaf8fb000 	C:\Windows\SYSTEM32\Wldp.dll
0x00007ffbb2110000 - 0x00007ffbb21dd000 	C:\Windows\System32\OLEAUT32.dll
0x00007ffbb0f50000 - 0x00007ffbb0ffd000 	C:\Windows\System32\SHCORE.dll
0x00007ffbb0ef0000 - 0x00007ffbb0f4b000 	C:\Windows\System32\shlwapi.dll
0x00007ffbafdd0000 - 0x00007ffbafdf4000 	C:\Windows\SYSTEM32\profapi.dll
0x00007ffb5a490000 - 0x00007ffb5a4a8000 	c:\Users\JUNEMO\.vscode\extensions\redhat.java-1.51.0-win32-x64\jre\21.0.9-win32-x86_64\bin\zip.dll
0x00007ffb8c380000 - 0x00007ffb8c390000 	C:\Users\JUNEMO\.vscode\extensions\redhat.java-1.51.0-win32-x64\jre\21.0.9-win32-x86_64\bin\net.dll
0x00007ffbab020000 - 0x00007ffbab12a000 	C:\Windows\SYSTEM32\WINHTTP.dll
0x00007ffbaf630000 - 0x00007ffbaf69a000 	C:\Windows\system32\mswsock.dll
0x00007ffb578d0000 - 0x00007ffb578e6000 	C:\Users\JUNEMO\.vscode\extensions\redhat.java-1.51.0-win32-x64\jre\21.0.9-win32-x86_64\bin\nio.dll
0x00007ffb8c520000 - 0x00007ffb8c530000 	c:\Users\JUNEMO\.vscode\extensions\redhat.java-1.51.0-win32-x64\jre\21.0.9-win32-x86_64\bin\verify.dll
0x00007ffb8c4d0000 - 0x00007ffb8c514000 	C:\Users\JUNEMO\AppData\Roaming\Code\User\globalStorage\redhat.java\1.51.0\config_win\org.eclipse.equinox.launcher\org.eclipse.equinox.launcher.win32.win32.x86_64_1.2.1400.v20250801-0854\eclipse_11916.dll
0x00007ffbb1000000 - 0x00007ffbb112b000 	C:\Windows\System32\ole32.dll
0x00007ffbaf820000 - 0x00007ffbaf838000 	C:\Windows\SYSTEM32\CRYPTSP.dll
0x00007ffbaeee0000 - 0x00007ffbaef18000 	C:\Windows\system32\rsaenh.dll
0x00007ffbafd90000 - 0x00007ffbafdbe000 	C:\Windows\SYSTEM32\USERENV.dll
0x00007ffbaf840000 - 0x00007ffbaf84c000 	C:\Windows\SYSTEM32\CRYPTBASE.dll
0x00007ffbaf2c0000 - 0x00007ffbaf2fb000 	C:\Windows\SYSTEM32\IPHLPAPI.DLL
0x00007ffbb1330000 - 0x00007ffbb1338000 	C:\Windows\System32\NSI.dll
0x00007ffb7c7a0000 - 0x00007ffb7c7e9000 	C:\Users\JUNEMO\AppData\Local\Temp\jna--2095518364\jna6329936301803610173.dll
0x00007ffbb2100000 - 0x00007ffbb2108000 	C:\Windows\System32\PSAPI.DLL
0x00007ffba8a10000 - 0x00007ffba8a27000 	C:\Windows\SYSTEM32\dhcpcsvc6.DLL
0x00007ffba93f0000 - 0x00007ffba940d000 	C:\Windows\SYSTEM32\dhcpcsvc.DLL
0x00007ffb8cf20000 - 0x00007ffb8cf47000 	C:\Users\JUNEMO\.gradle\native\660c5614fbf4a5f2a75b1949f50a0caf5cd603558e7d8a26e50b933a0cfb79d1\windows-amd64\native-platform.dll
0x00007ffbac8a0000 - 0x00007ffbac8aa000 	C:\Users\JUNEMO\.vscode\extensions\redhat.java-1.51.0-win32-x64\jre\21.0.9-win32-x86_64\bin\management.dll
0x00007ffb8d3d0000 - 0x00007ffb8d3dc000 	C:\Users\JUNEMO\.vscode\extensions\redhat.java-1.51.0-win32-x64\jre\21.0.9-win32-x86_64\bin\management_ext.dll

JVMTI agents:
c:\Users\JUNEMO\.vscode\extensions\redhat.java-1.51.0-win32-x64\lombok\lombok-1.18.39-4050.jar path:c:\Users\JUNEMO\.vscode\extensions\redhat.java-1.51.0-win32-x64\jre\21.0.9-win32-x86_64\bin\instrument.dll, loaded, initialized, instrumentlib options:none

dbghelp: loaded successfully - version: 4.0.5 - missing functions: none
symbol engine: initialized successfully - sym options: 0x614 - pdb path: .;c:\Users\JUNEMO\.vscode\extensions\redhat.java-1.51.0-win32-x64\jre\21.0.9-win32-x86_64\bin;C:\Windows\SYSTEM32;C:\Windows\WinSxS\amd64_microsoft.windows.common-controls_6595b64144ccf1df_6.0.19041.6456_none_60b8a6cb71f64256;c:\Users\JUNEMO\.vscode\extensions\redhat.java-1.51.0-win32-x64\jre\21.0.9-win32-x86_64\bin\server;C:\Users\JUNEMO\AppData\Roaming\Code\User\globalStorage\redhat.java\1.51.0\config_win\org.eclipse.equinox.launcher\org.eclipse.equinox.launcher.win32.win32.x86_64_1.2.1400.v20250801-0854;C:\Users\JUNEMO\AppData\Local\Temp\jna--2095518364;C:\Users\JUNEMO\.gradle\native\660c5614fbf4a5f2a75b1949f50a0caf5cd603558e7d8a26e50b933a0cfb79d1\windows-amd64

VM Arguments:
jvm_args: --add-modules=ALL-SYSTEM --add-opens=java.base/java.util=ALL-UNNAMED --add-opens=java.base/java.lang=ALL-UNNAMED --add-opens=java.base/sun.nio.fs=ALL-UNNAMED -Declipse.application=org.eclipse.jdt.ls.core.id1 -Dosgi.bundles.defaultStartLevel=4 -Declipse.product=org.eclipse.jdt.ls.core.product -Djava.import.generatesMetadataFilesAtProjectRoot=false -DDetectVMInstallationsJob.disabled=true -Dfile.encoding=utf8 -XX:+UseParallelGC -XX:GCTimeRatio=4 -XX:AdaptiveSizePolicyWeight=90 -Dsun.zip.disableMemoryMapping=true -Xmx2G -Xms100m -Xlog:disable -javaagent:c:\Users\JUNEMO\.vscode\extensions\redhat.java-1.51.0-win32-x64\lombok\lombok-1.18.39-4050.jar -XX:+HeapDumpOnOutOfMemoryError -XX:HeapDumpPath=c:\Users\JUNEMO\AppData\Roaming\Code\User\workspaceStorage\5e6d0f41e8df5a95299d9502eb47a187\redhat.java -Daether.dependencyCollector.impl=bf 
java_command: c:\Users\JUNEMO\.vscode\extensions\redhat.java-1.51.0-win32-x64\server\plugins\org.eclipse.equinox.launcher_1.7.100.v20251111-0406.jar -configuration c:\Users\JUNEMO\AppData\Roaming\Code\User\globalStorage\redhat.java\1.51.0\config_win -data c:\Users\JUNEMO\AppData\Roaming\Code\User\workspaceStorage\5e6d0f41e8df5a95299d9502eb47a187\redhat.java\jdt_ws --pipe=\\.\pipe\lsp-ce1a49d02089021b3966f96674937d61-sock
java_class_path (initial): c:\Users\JUNEMO\.vscode\extensions\redhat.java-1.51.0-win32-x64\server\plugins\org.eclipse.equinox.launcher_1.7.100.v20251111-0406.jar
Launcher Type: SUN_STANDARD

[Global flags]
    uintx AdaptiveSizePolicyWeight                 = 90                                        {product} {command line}
     intx CICompilerCount                          = 4                                         {product} {ergonomic}
    uintx GCTimeRatio                              = 4                                         {product} {command line}
     bool HeapDumpOnOutOfMemoryError               = true                                   {manageable} {command line}
    ccstr HeapDumpPath                             = c:\Users\JUNEMO\AppData\Roaming\Code\User\workspaceStorage\5e6d0f41e8df5a95299d9502eb47a187\redhat.java         {manageable} {command line}
   size_t InitialHeapSize                          = 104857600                                 {product} {command line}
   size_t MaxHeapSize                              = 2147483648                                {product} {command line}
   size_t MaxNewSize                               = 715653120                                 {product} {ergonomic}
   size_t MinHeapDeltaBytes                        = 524288                                    {product} {ergonomic}
   size_t MinHeapSize                              = 104857600                                 {product} {command line}
   size_t NewSize                                  = 34603008                                  {product} {ergonomic}
    uintx NonNMethodCodeHeapSize                   = 5839372                                {pd product} {ergonomic}
    uintx NonProfiledCodeHeapSize                  = 122909434                              {pd product} {ergonomic}
   size_t OldSize                                  = 70254592                                  {product} {ergonomic}
    uintx ProfiledCodeHeapSize                     = 122909434                              {pd product} {ergonomic}
    uintx ReservedCodeCacheSize                    = 251658240                              {pd product} {ergonomic}
     bool SegmentedCodeCache                       = true                                      {product} {ergonomic}
   size_t SoftMaxHeapSize                          = 2147483648                             {manageable} {ergonomic}
     bool UseCompressedOops                        = true                           {product lp64_product} {ergonomic}
     bool UseLargePagesIndividualAllocation        = false                                  {pd product} {ergonomic}
     bool UseParallelGC                            = true                                      {product} {command line}

Logging:
Log output configuration:
 #0: stdout all=off uptime,level,tags foldmultilines=false
 #1: stderr all=off uptime,level,tags foldmultilines=false

Release file:
JAVA_VERSION="21.0.9" 
MODULES="java.base java.compiler java.datatransfer java.xml java.prefs java.desktop java.instrument java.logging java.management java.security.sasl java.naming java.rmi java.management.rmi java.net.http java.scripting java.security.jgss java.transaction.xa java.sql java.sql.rowset java.xml.crypto java.se java.smartcardio jdk.accessibility jdk.internal.jvmstat jdk.attach jdk.charsets jdk.internal.opt jdk.zipfs jdk.compiler jdk.crypto.ec jdk.crypto.cryptoki jdk.crypto.mscapi jdk.dynalink jdk.internal.ed jdk.editpad jdk.hotspot.agent jdk.httpserver jdk.internal.le jdk.internal.vm.ci jdk.internal.vm.compiler jdk.internal.vm.compiler.management jdk.jartool jdk.javadoc jdk.jcmd jdk.management jdk.management.agent jdk.jconsole jdk.jdeps jdk.jdwp.agent jdk.jdi jdk.jfr jdk.jshell jdk.jsobject jdk.jstatd jdk.localedata jdk.management.jfr jdk.naming.dns jdk.naming.rmi jdk.net jdk.nio.mapmode jdk.random jdk.sctp jdk.security.auth jdk.security.jgss jdk.unsupported jdk.unsupported.desktop jdk.xml.dom" 

Environment Variables:
PATH=C:\Program Files\Common Files\Oracle\Java\javapath;C:\Windows\system32;C:\Windows;C:\Windows\System32\Wbem;C:\Windows\System32\WindowsPowerShell\v1.0\;C:\Windows\System32\OpenSSH\;C:\Program Files\Git\cmd;C:\Program Files\nodejs\;C:\ProgramData\chocolatey\bin;C:\Users\JUNEMO\AppData\Local\Programs\Python\Python312\Scripts\;C:\Users\JUNEMO\AppData\Local\Programs\Python\Python312\;C:\Users\JUNEMO\AppData\Local\Microsoft\WindowsApps;C:\Users\JUNEMO\AppData\Roaming\npm;C:\Users\JUNEMO\AppData\Local\Programs\Microsoft VS Code\bin
USERNAME=JUNEMO
OS=Windows_NT
PROCESSOR_IDENTIFIER=Intel64 Family 6 Model 142 Stepping 10, GenuineIntel
TMP=C:\Users\JUNEMO\AppData\Local\Temp
TEMP=C:\Users\JUNEMO\AppData\Local\Temp




Periodic native trim disabled

---------------  S Y S T E M  ---------------

OS:
 Windows 10 , 64 bit Build 19041 (10.0.19041.5915)
OS uptime: 0 days 18:21 hours

CPU: total 8 (initial active 8) (4 cores per cpu, 2 threads per core) family 6 model 142 stepping 10 microcode 0xea, cx8, cmov, fxsr, ht, mmx, 3dnowpref, sse, sse2, sse3, ssse3, sse4.1, sse4.2, popcnt, lzcnt, tsc, tscinvbit, avx, avx2, aes, erms, clmul, bmi1, bmi2, adx, fma, vzeroupper, clflush, clflushopt, rdtscp, f16c
Processor Information for the first 8 processors :
  Max Mhz: 1801, Current Mhz: 1801, Mhz Limit: 1801

Memory: 4k page, system-wide physical 3962M (51M free)
TotalPageFile size 16250M (AvailPageFile size 0M)
current process WorkingSet (physical memory assigned to process): 8M, peak: 562M
current process commit charge ("private bytes"): 1691M, peak: 1735M

vm_info: OpenJDK 64-Bit Server VM (21.0.9+10-LTS) for windows-amd64 JRE (21.0.9+10-LTS), built on 2025-10-21T00:00:00Z by "admin" with unknown MS VC++:1942

END.
